This is pdfTeX, Version 3.1415926-2.5-1.40.14 (TeX Live 2013/Debian) (format=pdflatex 2014.8.14)  17 OCT 2015 12:17
entering extended mode
 restricted \write18 enabled.
 %&-line parsing enabled.
**book.tex
(./book.tex
LaTeX2e <2011/06/27>
Babel <3.9h> and hyphenation patterns for 11 languages loaded.
(/usr/share/texlive/texmf-dist/tex/latex/base/book.cls
Document Class: book 2007/10/19 v1.4h Standard LaTeX document class
(/usr/share/texlive/texmf-dist/tex/latex/base/bk12.clo
File: bk12.clo 2007/10/19 v1.4h Standard LaTeX file (size option)
)
\c@part=\count79
\c@chapter=\count80
\c@section=\count81
\c@subsection=\count82
\c@subsubsection=\count83
\c@paragraph=\count84
\c@subparagraph=\count85
\c@figure=\count86
\c@table=\count87
\abovecaptionskip=\skip41
\belowcaptionskip=\skip42
\bibindent=\dimen102
)
(/usr/share/texlive/texmf-dist/tex/latex/tools/indentfirst.sty
Package: indentfirst 1995/11/23 v1.03 Indent first paragraph (DPC)
) (./demopack.sty
Package: demopack 
(/usr/share/texlive/texmf-dist/tex/latex/amscls/amsthm.sty
Package: amsthm 2004/08/06 v2.20
\thm@style=\toks14
\thm@bodyfont=\toks15
\thm@headfont=\toks16
\thm@notefont=\toks17
\thm@headpunct=\toks18
\thm@preskip=\skip43
\thm@postskip=\skip44
\thm@headsep=\skip45
\dth@everypar=\toks19
)
\c@proposition=\count88
\c@lemma=\count89
\c@definition=\count90
\c@theorem=\count91
\c@remark=\count92
\c@example=\count93
\taskskip=\skip46
\tempbox=\box26
)
(/usr/share/texlive/texmf-dist/tex/latex/threeparttable/threeparttable.sty
Package: threeparttable 2003/06/13  v 3.0
\@tempboxb=\box27
)
(./fancyheadings.sty
\headrulewidth=\dimen103
\footrulewidth=\dimen104
\plainheadrulewidth=\dimen105
\plainfootrulewidth=\dimen106
\headwidth=\dimen107
) (/usr/share/texlive/texmf-dist/tex/latex/base/makeidx.sty
Package: makeidx 2000/03/29 v1.0m Standard LaTeX package
) (/usr/share/texlive/texmf-dist/tex/latex/graphics/graphicx.sty
Package: graphicx 1999/02/16 v1.0f Enhanced LaTeX Graphics (DPC,SPQR)

(/usr/share/texlive/texmf-dist/tex/latex/graphics/keyval.sty
Package: keyval 1999/03/16 v1.13 key=value parser (DPC)
\KV@toks@=\toks20
)
(/usr/share/texlive/texmf-dist/tex/latex/graphics/graphics.sty
Package: graphics 2009/02/05 v1.0o Standard LaTeX Graphics (DPC,SPQR)

(/usr/share/texlive/texmf-dist/tex/latex/graphics/trig.sty
Package: trig 1999/03/16 v1.09 sin cos tan (DPC)
)
(/etc/texmf/tex/latex/config/graphics.cfg
File: graphics.cfg 2009/08/28 v1.8 graphics configuration of TeX Live
)
Package graphics Info: Driver file: pdftex.def on input line 91.

(/usr/share/texlive/texmf-dist/tex/latex/pdftex-def/pdftex.def
File: pdftex.def 2011/05/27 v0.06d Graphics/color for pdfTeX

(/usr/share/texlive/texmf-dist/tex/generic/oberdiek/infwarerr.sty
Package: infwarerr 2010/04/08 v1.3 Providing info/warning/error messages (HO)
)
(/usr/share/texlive/texmf-dist/tex/generic/oberdiek/ltxcmds.sty
Package: ltxcmds 2011/11/09 v1.22 LaTeX kernel commands for general use (HO)
)
\Gread@gobject=\count94
))
\Gin@req@height=\dimen108
\Gin@req@width=\dimen109
)
(/usr/share/texlive/texmf-dist/tex/latex/tools/multicol.sty
Package: multicol 2011/06/27 v1.7a multicolumn formatting (FMi)
\c@tracingmulticols=\count95
\mult@box=\box28
\multicol@leftmargin=\dimen110
\c@unbalance=\count96
\c@collectmore=\count97
\doublecol@number=\count98
\multicoltolerance=\count99
\multicolpretolerance=\count100
\full@width=\dimen111
\page@free=\dimen112
\premulticols=\dimen113
\postmulticols=\dimen114
\multicolsep=\skip47
\multicolbaselineskip=\skip48
\partial@page=\box29
\last@line=\box30
\mult@rightbox=\box31
\mult@grightbox=\box32
\mult@gfirstbox=\box33
\mult@firstbox=\box34
\@tempa=\box35
\@tempa=\box36
\@tempa=\box37
\@tempa=\box38
\@tempa=\box39
\@tempa=\box40
\@tempa=\box41
\@tempa=\box42
\@tempa=\box43
\@tempa=\box44
\@tempa=\box45
\@tempa=\box46
\@tempa=\box47
\@tempa=\box48
\@tempa=\box49
\@tempa=\box50
\@tempa=\box51
\c@columnbadness=\count101
\c@finalcolumnbadness=\count102
\last@try=\dimen115
\multicolovershoot=\dimen116
\multicolundershoot=\dimen117
\mult@nat@firstbox=\box52
\colbreak@box=\box53
\multicol@sort@counter=\count103
)
(/usr/share/texlive/texmf-dist/tex/latex/graphics/epsfig.sty
Package: epsfig 1999/02/16 v1.7a (e)psfig emulation (SPQR)
\epsfxsize=\dimen118
\epsfysize=\dimen119
)
(/usr/share/texlive/texmf-dist/tex/latex/amsfonts/amssymb.sty
Package: amssymb 2013/01/14 v3.01 AMS font symbols

(/usr/share/texlive/texmf-dist/tex/latex/amsfonts/amsfonts.sty
Package: amsfonts 2013/01/14 v3.01 Basic AMSFonts support
\@emptytoks=\toks21
\symAMSa=\mathgroup4
\symAMSb=\mathgroup5
LaTeX Font Info:    Overwriting math alphabet `\mathfrak' in version `bold'
(Font)                  U/euf/m/n --> U/euf/b/n on input line 106.
))
(/usr/share/texlive/texmf-dist/tex/latex/amsmath/amsmath.sty
Package: amsmath 2013/01/14 v2.14 AMS math features
\@mathmargin=\skip49

For additional information on amsmath, use the `?' option.
(/usr/share/texlive/texmf-dist/tex/latex/amsmath/amstext.sty
Package: amstext 2000/06/29 v2.01

(/usr/share/texlive/texmf-dist/tex/latex/amsmath/amsgen.sty
File: amsgen.sty 1999/11/30 v2.0
\@emptytoks=\toks22
\ex@=\dimen120
))
(/usr/share/texlive/texmf-dist/tex/latex/amsmath/amsbsy.sty
Package: amsbsy 1999/11/29 v1.2d
\pmbraise@=\dimen121
)
(/usr/share/texlive/texmf-dist/tex/latex/amsmath/amsopn.sty
Package: amsopn 1999/12/14 v2.01 operator names
)
\inf@bad=\count104
LaTeX Info: Redefining \frac on input line 210.
\uproot@=\count105
\leftroot@=\count106
LaTeX Info: Redefining \overline on input line 306.
\classnum@=\count107
\DOTSCASE@=\count108
LaTeX Info: Redefining \ldots on input line 378.
LaTeX Info: Redefining \dots on input line 381.
LaTeX Info: Redefining \cdots on input line 466.
\Mathstrutbox@=\box54
\strutbox@=\box55
\big@size=\dimen122
LaTeX Font Info:    Redeclaring font encoding OML on input line 566.
LaTeX Font Info:    Redeclaring font encoding OMS on input line 567.
\macc@depth=\count109
\c@MaxMatrixCols=\count110
\dotsspace@=\muskip10
\c@parentequation=\count111
\dspbrk@lvl=\count112
\tag@help=\toks23
\row@=\count113
\column@=\count114
\maxfields@=\count115
\andhelp@=\toks24
\eqnshift@=\dimen123
\alignsep@=\dimen124
\tagshift@=\dimen125
\tagwidth@=\dimen126
\totwidth@=\dimen127
\lineht@=\dimen128
\@envbody=\toks25
\multlinegap=\skip50
\multlinetaggap=\skip51
\mathdisplay@stack=\toks26
LaTeX Info: Redefining \[ on input line 2665.
LaTeX Info: Redefining \] on input line 2666.
)
(/usr/share/texlive/texmf-dist/tex/latex/jknapltx/mathrsfs.sty
Package: mathrsfs 1996/01/01 Math RSFS package v1.0 (jk)
\symrsfs=\mathgroup6
)
(/usr/share/texlive/texmf-dist/tex/generic/texdraw/texdraw.sty
(/usr/share/texlive/texmf-dist/tex/generic/texdraw/texdraw.tex
\t@counta=\count116
\t@countb=\count117
\t@countc=\count118
\t@countd=\count119
\t@counte=\count120
\t@pixa=\count121
\t@pixb=\count122
\t@pixc=\count123
\t@pixd=\count124
\t@xpos=\dimen129
\t@ypos=\dimen130
\xminpix=\count125
\xmaxpix=\count126
\yminpix=\count127
\ymaxpix=\count128
\a@lenpix=\count129
\a@widpix=\count130
\x@pix=\count131
\y@pix=\count132
\x@segoffpix=\count133
\y@segoffpix=\count134
\x@savepix=\count135
\y@savepix=\count136
\s@ppix=\count137
\d@bs=\count138
\t@xdnum=\count139
\t@xdbox=\box56
\drawfile=\write3
\everytexdraw=\toks27
)
Package: texdraw 1995/12/19 TeXdraw V2R0
)
(/usr/share/texlive/texmf-dist/tex/latex/rotating/rotating.sty
Package: rotating 2009/03/28 v2.16a rotated objects in LaTeX

(/usr/share/texlive/texmf-dist/tex/latex/base/ifthen.sty
Package: ifthen 2001/05/26 v1.1c Standard LaTeX ifthen package (DPC)
)
\c@r@tfl@t=\count140
\rotFPtop=\skip52
\rotFPbot=\skip53
\rot@float@box=\box57
\rot@mess@toks=\toks28
)
(/usr/share/texlive/texmf-dist/tex/latex/moreverb/moreverb.sty
Package: moreverb 2008/06/03 v2.3a `more' verbatim facilities

(/usr/share/texlive/texmf-dist/tex/latex/tools/verbatim.sty
Package: verbatim 2003/08/22 v1.5q LaTeX2e package for verbatim enhancements
\every@verbatim=\toks29
\verbatim@line=\toks30
\verbatim@in@stream=\read1
)
\tab@position=\count141
\tab@size=\count142
\listing@line=\count143
)
(/usr/share/texlive/texmf-dist/tex/latex/base/fontenc.sty
Package: fontenc 2005/09/27 v1.99g Standard LaTeX package

(/usr/share/texlive/texmf-dist/tex/latex/cyrillic/t2aenc.def
File: t2aenc.def 2005/09/27 v1.0i Cyrillic encoding definition file
)
LaTeX Font Info:    Try loading font information for T2A+cmr on input line 100.


(/usr/share/texlive/texmf-dist/tex/latex/cyrillic/t2acmr.fd
File: t2acmr.fd 2001/08/11 v1.0a Computer Modern Cyrillic font definitions
))
(/usr/share/texlive/texmf-dist/tex/latex/base/inputenc.sty
Package: inputenc 2008/03/30 v1.1d Input encoding file
\inpenc@prehook=\toks31
\inpenc@posthook=\toks32

(/usr/share/texlive/texmf-dist/tex/latex/base/utf8.def
File: utf8.def 2008/04/05 v1.1m UTF-8 support for inputenc
Now handling font encoding OML ...
... no UTF-8 mapping file for font encoding OML
Now handling font encoding T1 ...
... processing UTF-8 mapping file for font encoding T1

(/usr/share/texlive/texmf-dist/tex/latex/base/t1enc.dfu
File: t1enc.dfu 2008/04/05 v1.1m UTF-8 support for inputenc
   defining Unicode char U+00A1 (decimal 161)
   defining Unicode char U+00A3 (decimal 163)
   defining Unicode char U+00AB (decimal 171)
   defining Unicode char U+00BB (decimal 187)
   defining Unicode char U+00BF (decimal 191)
   defining Unicode char U+00C0 (decimal 192)
   defining Unicode char U+00C1 (decimal 193)
   defining Unicode char U+00C2 (decimal 194)
   defining Unicode char U+00C3 (decimal 195)
   defining Unicode char U+00C4 (decimal 196)
   defining Unicode char U+00C5 (decimal 197)
   defining Unicode char U+00C6 (decimal 198)
   defining Unicode char U+00C7 (decimal 199)
   defining Unicode char U+00C8 (decimal 200)
   defining Unicode char U+00C9 (decimal 201)
   defining Unicode char U+00CA (decimal 202)
   defining Unicode char U+00CB (decimal 203)
   defining Unicode char U+00CC (decimal 204)
   defining Unicode char U+00CD (decimal 205)
   defining Unicode char U+00CE (decimal 206)
   defining Unicode char U+00CF (decimal 207)
   defining Unicode char U+00D0 (decimal 208)
   defining Unicode char U+00D1 (decimal 209)
   defining Unicode char U+00D2 (decimal 210)
   defining Unicode char U+00D3 (decimal 211)
   defining Unicode char U+00D4 (decimal 212)
   defining Unicode char U+00D5 (decimal 213)
   defining Unicode char U+00D6 (decimal 214)
   defining Unicode char U+00D8 (decimal 216)
   defining Unicode char U+00D9 (decimal 217)
   defining Unicode char U+00DA (decimal 218)
   defining Unicode char U+00DB (decimal 219)
   defining Unicode char U+00DC (decimal 220)
   defining Unicode char U+00DD (decimal 221)
   defining Unicode char U+00DE (decimal 222)
   defining Unicode char U+00DF (decimal 223)
   defining Unicode char U+00E0 (decimal 224)
   defining Unicode char U+00E1 (decimal 225)
   defining Unicode char U+00E2 (decimal 226)
   defining Unicode char U+00E3 (decimal 227)
   defining Unicode char U+00E4 (decimal 228)
   defining Unicode char U+00E5 (decimal 229)
   defining Unicode char U+00E6 (decimal 230)
   defining Unicode char U+00E7 (decimal 231)
   defining Unicode char U+00E8 (decimal 232)
   defining Unicode char U+00E9 (decimal 233)
   defining Unicode char U+00EA (decimal 234)
   defining Unicode char U+00EB (decimal 235)
   defining Unicode char U+00EC (decimal 236)
   defining Unicode char U+00ED (decimal 237)
   defining Unicode char U+00EE (decimal 238)
   defining Unicode char U+00EF (decimal 239)
   defining Unicode char U+00F0 (decimal 240)
   defining Unicode char U+00F1 (decimal 241)
   defining Unicode char U+00F2 (decimal 242)
   defining Unicode char U+00F3 (decimal 243)
   defining Unicode char U+00F4 (decimal 244)
   defining Unicode char U+00F5 (decimal 245)
   defining Unicode char U+00F6 (decimal 246)
   defining Unicode char U+00F8 (decimal 248)
   defining Unicode char U+00F9 (decimal 249)
   defining Unicode char U+00FA (decimal 250)
   defining Unicode char U+00FB (decimal 251)
   defining Unicode char U+00FC (decimal 252)
   defining Unicode char U+00FD (decimal 253)
   defining Unicode char U+00FE (decimal 254)
   defining Unicode char U+00FF (decimal 255)
   defining Unicode char U+0102 (decimal 258)
   defining Unicode char U+0103 (decimal 259)
   defining Unicode char U+0104 (decimal 260)
   defining Unicode char U+0105 (decimal 261)
   defining Unicode char U+0106 (decimal 262)
   defining Unicode char U+0107 (decimal 263)
   defining Unicode char U+010C (decimal 268)
   defining Unicode char U+010D (decimal 269)
   defining Unicode char U+010E (decimal 270)
   defining Unicode char U+010F (decimal 271)
   defining Unicode char U+0110 (decimal 272)
   defining Unicode char U+0111 (decimal 273)
   defining Unicode char U+0118 (decimal 280)
   defining Unicode char U+0119 (decimal 281)
   defining Unicode char U+011A (decimal 282)
   defining Unicode char U+011B (decimal 283)
   defining Unicode char U+011E (decimal 286)
   defining Unicode char U+011F (decimal 287)
   defining Unicode char U+0130 (decimal 304)
   defining Unicode char U+0131 (decimal 305)
   defining Unicode char U+0132 (decimal 306)
   defining Unicode char U+0133 (decimal 307)
   defining Unicode char U+0139 (decimal 313)
   defining Unicode char U+013A (decimal 314)
   defining Unicode char U+013D (decimal 317)
   defining Unicode char U+013E (decimal 318)
   defining Unicode char U+0141 (decimal 321)
   defining Unicode char U+0142 (decimal 322)
   defining Unicode char U+0143 (decimal 323)
   defining Unicode char U+0144 (decimal 324)
   defining Unicode char U+0147 (decimal 327)
   defining Unicode char U+0148 (decimal 328)
   defining Unicode char U+014A (decimal 330)
   defining Unicode char U+014B (decimal 331)
   defining Unicode char U+0150 (decimal 336)
   defining Unicode char U+0151 (decimal 337)
   defining Unicode char U+0152 (decimal 338)
   defining Unicode char U+0153 (decimal 339)
   defining Unicode char U+0154 (decimal 340)
   defining Unicode char U+0155 (decimal 341)
   defining Unicode char U+0158 (decimal 344)
   defining Unicode char U+0159 (decimal 345)
   defining Unicode char U+015A (decimal 346)
   defining Unicode char U+015B (decimal 347)
   defining Unicode char U+015E (decimal 350)
   defining Unicode char U+015F (decimal 351)
   defining Unicode char U+0160 (decimal 352)
   defining Unicode char U+0161 (decimal 353)
   defining Unicode char U+0162 (decimal 354)
   defining Unicode char U+0163 (decimal 355)
   defining Unicode char U+0164 (decimal 356)
   defining Unicode char U+0165 (decimal 357)
   defining Unicode char U+016E (decimal 366)
   defining Unicode char U+016F (decimal 367)
   defining Unicode char U+0170 (decimal 368)
   defining Unicode char U+0171 (decimal 369)
   defining Unicode char U+0178 (decimal 376)
   defining Unicode char U+0179 (decimal 377)
   defining Unicode char U+017A (decimal 378)
   defining Unicode char U+017B (decimal 379)
   defining Unicode char U+017C (decimal 380)
   defining Unicode char U+017D (decimal 381)
   defining Unicode char U+017E (decimal 382)
   defining Unicode char U+200C (decimal 8204)
   defining Unicode char U+2013 (decimal 8211)
   defining Unicode char U+2014 (decimal 8212)
   defining Unicode char U+2018 (decimal 8216)
   defining Unicode char U+2019 (decimal 8217)
   defining Unicode char U+201A (decimal 8218)
   defining Unicode char U+201C (decimal 8220)
   defining Unicode char U+201D (decimal 8221)
   defining Unicode char U+201E (decimal 8222)
   defining Unicode char U+2030 (decimal 8240)
   defining Unicode char U+2031 (decimal 8241)
   defining Unicode char U+2039 (decimal 8249)
   defining Unicode char U+203A (decimal 8250)
   defining Unicode char U+2423 (decimal 9251)
)
Now handling font encoding OT1 ...
... processing UTF-8 mapping file for font encoding OT1

(/usr/share/texlive/texmf-dist/tex/latex/base/ot1enc.dfu
File: ot1enc.dfu 2008/04/05 v1.1m UTF-8 support for inputenc
   defining Unicode char U+00A1 (decimal 161)
   defining Unicode char U+00A3 (decimal 163)
   defining Unicode char U+00B8 (decimal 184)
   defining Unicode char U+00BF (decimal 191)
   defining Unicode char U+00C5 (decimal 197)
   defining Unicode char U+00C6 (decimal 198)
   defining Unicode char U+00D8 (decimal 216)
   defining Unicode char U+00DF (decimal 223)
   defining Unicode char U+00E6 (decimal 230)
   defining Unicode char U+00EC (decimal 236)
   defining Unicode char U+00ED (decimal 237)
   defining Unicode char U+00EE (decimal 238)
   defining Unicode char U+00EF (decimal 239)
   defining Unicode char U+00F8 (decimal 248)
   defining Unicode char U+0131 (decimal 305)
   defining Unicode char U+0141 (decimal 321)
   defining Unicode char U+0142 (decimal 322)
   defining Unicode char U+0152 (decimal 338)
   defining Unicode char U+0153 (decimal 339)
   defining Unicode char U+2013 (decimal 8211)
   defining Unicode char U+2014 (decimal 8212)
   defining Unicode char U+2018 (decimal 8216)
   defining Unicode char U+2019 (decimal 8217)
   defining Unicode char U+201C (decimal 8220)
   defining Unicode char U+201D (decimal 8221)
)
Now handling font encoding OMS ...
... processing UTF-8 mapping file for font encoding OMS

(/usr/share/texlive/texmf-dist/tex/latex/base/omsenc.dfu
File: omsenc.dfu 2008/04/05 v1.1m UTF-8 support for inputenc
   defining Unicode char U+00A7 (decimal 167)
   defining Unicode char U+00B6 (decimal 182)
   defining Unicode char U+00B7 (decimal 183)
   defining Unicode char U+2020 (decimal 8224)
   defining Unicode char U+2021 (decimal 8225)
   defining Unicode char U+2022 (decimal 8226)
)
Now handling font encoding OMX ...
... no UTF-8 mapping file for font encoding OMX
Now handling font encoding U ...
... no UTF-8 mapping file for font encoding U
Now handling font encoding T2A ...
... processing UTF-8 mapping file for font encoding T2A

(/usr/share/texlive/texmf-dist/tex/latex/base/t2aenc.dfu
File: t2aenc.dfu 2008/04/05 v1.1m UTF-8 support for inputenc
   defining Unicode char U+00A4 (decimal 164)
   defining Unicode char U+00A7 (decimal 167)
   defining Unicode char U+00AB (decimal 171)
   defining Unicode char U+00BB (decimal 187)
   defining Unicode char U+0131 (decimal 305)
   defining Unicode char U+0400 (decimal 1024)
   defining Unicode char U+0401 (decimal 1025)
   defining Unicode char U+0402 (decimal 1026)
   defining Unicode char U+0403 (decimal 1027)
   defining Unicode char U+0404 (decimal 1028)
   defining Unicode char U+0405 (decimal 1029)
   defining Unicode char U+0406 (decimal 1030)
   defining Unicode char U+0407 (decimal 1031)
   defining Unicode char U+0408 (decimal 1032)
   defining Unicode char U+0409 (decimal 1033)
   defining Unicode char U+040A (decimal 1034)
   defining Unicode char U+040B (decimal 1035)
   defining Unicode char U+040C (decimal 1036)
   defining Unicode char U+040D (decimal 1037)
   defining Unicode char U+040E (decimal 1038)
   defining Unicode char U+040F (decimal 1039)
   defining Unicode char U+0410 (decimal 1040)
   defining Unicode char U+0411 (decimal 1041)
   defining Unicode char U+0412 (decimal 1042)
   defining Unicode char U+0413 (decimal 1043)
   defining Unicode char U+0414 (decimal 1044)
   defining Unicode char U+0415 (decimal 1045)
   defining Unicode char U+0416 (decimal 1046)
   defining Unicode char U+0417 (decimal 1047)
   defining Unicode char U+0418 (decimal 1048)
   defining Unicode char U+0419 (decimal 1049)
   defining Unicode char U+041A (decimal 1050)
   defining Unicode char U+041B (decimal 1051)
   defining Unicode char U+041C (decimal 1052)
   defining Unicode char U+041D (decimal 1053)
   defining Unicode char U+041E (decimal 1054)
   defining Unicode char U+041F (decimal 1055)
   defining Unicode char U+0420 (decimal 1056)
   defining Unicode char U+0421 (decimal 1057)
   defining Unicode char U+0422 (decimal 1058)
   defining Unicode char U+0423 (decimal 1059)
   defining Unicode char U+0424 (decimal 1060)
   defining Unicode char U+0425 (decimal 1061)
   defining Unicode char U+0426 (decimal 1062)
   defining Unicode char U+0427 (decimal 1063)
   defining Unicode char U+0428 (decimal 1064)
   defining Unicode char U+0429 (decimal 1065)
   defining Unicode char U+042A (decimal 1066)
   defining Unicode char U+042B (decimal 1067)
   defining Unicode char U+042C (decimal 1068)
   defining Unicode char U+042D (decimal 1069)
   defining Unicode char U+042E (decimal 1070)
   defining Unicode char U+042F (decimal 1071)
   defining Unicode char U+0430 (decimal 1072)
   defining Unicode char U+0431 (decimal 1073)
   defining Unicode char U+0432 (decimal 1074)
   defining Unicode char U+0433 (decimal 1075)
   defining Unicode char U+0434 (decimal 1076)
   defining Unicode char U+0435 (decimal 1077)
   defining Unicode char U+0436 (decimal 1078)
   defining Unicode char U+0437 (decimal 1079)
   defining Unicode char U+0438 (decimal 1080)
   defining Unicode char U+0439 (decimal 1081)
   defining Unicode char U+043A (decimal 1082)
   defining Unicode char U+043B (decimal 1083)
   defining Unicode char U+043C (decimal 1084)
   defining Unicode char U+043D (decimal 1085)
   defining Unicode char U+043E (decimal 1086)
   defining Unicode char U+043F (decimal 1087)
   defining Unicode char U+0440 (decimal 1088)
   defining Unicode char U+0441 (decimal 1089)
   defining Unicode char U+0442 (decimal 1090)
   defining Unicode char U+0443 (decimal 1091)
   defining Unicode char U+0444 (decimal 1092)
   defining Unicode char U+0445 (decimal 1093)
   defining Unicode char U+0446 (decimal 1094)
   defining Unicode char U+0447 (decimal 1095)
   defining Unicode char U+0448 (decimal 1096)
   defining Unicode char U+0449 (decimal 1097)
   defining Unicode char U+044A (decimal 1098)
   defining Unicode char U+044B (decimal 1099)
   defining Unicode char U+044C (decimal 1100)
   defining Unicode char U+044D (decimal 1101)
   defining Unicode char U+044E (decimal 1102)
   defining Unicode char U+044F (decimal 1103)
   defining Unicode char U+0450 (decimal 1104)
   defining Unicode char U+0451 (decimal 1105)
   defining Unicode char U+0452 (decimal 1106)
   defining Unicode char U+0453 (decimal 1107)
   defining Unicode char U+0454 (decimal 1108)
   defining Unicode char U+0455 (decimal 1109)
   defining Unicode char U+0456 (decimal 1110)
   defining Unicode char U+0457 (decimal 1111)
   defining Unicode char U+0458 (decimal 1112)
   defining Unicode char U+0459 (decimal 1113)
   defining Unicode char U+045A (decimal 1114)
   defining Unicode char U+045B (decimal 1115)
   defining Unicode char U+045C (decimal 1116)
   defining Unicode char U+045D (decimal 1117)
   defining Unicode char U+045E (decimal 1118)
   defining Unicode char U+045F (decimal 1119)
   defining Unicode char U+0490 (decimal 1168)
   defining Unicode char U+0491 (decimal 1169)
   defining Unicode char U+0492 (decimal 1170)
   defining Unicode char U+0493 (decimal 1171)
   defining Unicode char U+0496 (decimal 1174)
   defining Unicode char U+0497 (decimal 1175)
   defining Unicode char U+0498 (decimal 1176)
   defining Unicode char U+0499 (decimal 1177)
   defining Unicode char U+049A (decimal 1178)
   defining Unicode char U+049B (decimal 1179)
   defining Unicode char U+049C (decimal 1180)
   defining Unicode char U+049D (decimal 1181)
   defining Unicode char U+04A0 (decimal 1184)
   defining Unicode char U+04A1 (decimal 1185)
   defining Unicode char U+04A2 (decimal 1186)
   defining Unicode char U+04A3 (decimal 1187)
   defining Unicode char U+04A4 (decimal 1188)
   defining Unicode char U+04A5 (decimal 1189)
   defining Unicode char U+04AA (decimal 1194)
   defining Unicode char U+04AB (decimal 1195)
   defining Unicode char U+04AE (decimal 1198)
   defining Unicode char U+04AF (decimal 1199)
   defining Unicode char U+04B0 (decimal 1200)
   defining Unicode char U+04B1 (decimal 1201)
   defining Unicode char U+04B2 (decimal 1202)
   defining Unicode char U+04B3 (decimal 1203)
   defining Unicode char U+04B6 (decimal 1206)
   defining Unicode char U+04B7 (decimal 1207)
   defining Unicode char U+04B8 (decimal 1208)
   defining Unicode char U+04B9 (decimal 1209)
   defining Unicode char U+04BA (decimal 1210)
   defining Unicode char U+04BB (decimal 1211)
   defining Unicode char U+04C0 (decimal 1216)
   defining Unicode char U+04C1 (decimal 1217)
   defining Unicode char U+04C2 (decimal 1218)
   defining Unicode char U+04D0 (decimal 1232)
   defining Unicode char U+04D1 (decimal 1233)
   defining Unicode char U+04D2 (decimal 1234)
   defining Unicode char U+04D3 (decimal 1235)
   defining Unicode char U+04D4 (decimal 1236)
   defining Unicode char U+04D5 (decimal 1237)
   defining Unicode char U+04D6 (decimal 1238)
   defining Unicode char U+04D7 (decimal 1239)
   defining Unicode char U+04D8 (decimal 1240)
   defining Unicode char U+04D9 (decimal 1241)
   defining Unicode char U+04DA (decimal 1242)
   defining Unicode char U+04DB (decimal 1243)
   defining Unicode char U+04DC (decimal 1244)
   defining Unicode char U+04DD (decimal 1245)
   defining Unicode char U+04DE (decimal 1246)
   defining Unicode char U+04DF (decimal 1247)
   defining Unicode char U+04E2 (decimal 1250)
   defining Unicode char U+04E3 (decimal 1251)
   defining Unicode char U+04E4 (decimal 1252)
   defining Unicode char U+04E5 (decimal 1253)
   defining Unicode char U+04E6 (decimal 1254)
   defining Unicode char U+04E7 (decimal 1255)
   defining Unicode char U+04E8 (decimal 1256)
   defining Unicode char U+04E9 (decimal 1257)
   defining Unicode char U+04EC (decimal 1260)
   defining Unicode char U+04ED (decimal 1261)
   defining Unicode char U+04EE (decimal 1262)
   defining Unicode char U+04EF (decimal 1263)
   defining Unicode char U+04F0 (decimal 1264)
   defining Unicode char U+04F1 (decimal 1265)
   defining Unicode char U+04F2 (decimal 1266)
   defining Unicode char U+04F3 (decimal 1267)
   defining Unicode char U+04F4 (decimal 1268)
   defining Unicode char U+04F5 (decimal 1269)
   defining Unicode char U+04F8 (decimal 1272)
   defining Unicode char U+04F9 (decimal 1273)
   defining Unicode char U+200C (decimal 8204)
   defining Unicode char U+2013 (decimal 8211)
   defining Unicode char U+2014 (decimal 8212)
   defining Unicode char U+2018 (decimal 8216)
   defining Unicode char U+2019 (decimal 8217)
   defining Unicode char U+201C (decimal 8220)
   defining Unicode char U+201D (decimal 8221)
   defining Unicode char U+201E (decimal 8222)
   defining Unicode char U+2030 (decimal 8240)
   defining Unicode char U+2031 (decimal 8241)
   defining Unicode char U+2116 (decimal 8470)
   defining Unicode char U+2329 (decimal 9001)
   defining Unicode char U+232A (decimal 9002)
   defining Unicode char U+2423 (decimal 9251)
)
   defining Unicode char U+00A9 (decimal 169)
   defining Unicode char U+00AA (decimal 170)
   defining Unicode char U+00AE (decimal 174)
   defining Unicode char U+00BA (decimal 186)
   defining Unicode char U+02C6 (decimal 710)
   defining Unicode char U+02DC (decimal 732)
   defining Unicode char U+200C (decimal 8204)
   defining Unicode char U+2026 (decimal 8230)
   defining Unicode char U+2122 (decimal 8482)
   defining Unicode char U+2423 (decimal 9251)
))
(/usr/share/texlive/texmf-dist/tex/generic/babel/babel.sty
Package: babel 2013/12/03 3.9h The Babel package

(/usr/share/texlive/texmf-dist/tex/generic/babel-russian/russianb.ldf
Language: russian 2013/04/13 1.3a Russian support from the babel system

(/usr/share/texlive/texmf-dist/tex/generic/babel/babel.def
File: babel.def 2013/12/03 3.9h Babel common definitions
\babel@savecnt=\count144
\U@D=\dimen131
)
Package babel Info: Making " an active character on input line 147.
))
(/usr/share/texlive/texmf-dist/tex/latex/oberdiek/epstopdf.sty
Package: epstopdf 2010/02/09 v2.5 Conversion with epstopdf on the fly (HO)

(/usr/share/texlive/texmf-dist/tex/latex/oberdiek/epstopdf-base.sty
Package: epstopdf-base 2010/02/09 v2.5 Base part for package epstopdf

(/usr/share/texlive/texmf-dist/tex/latex/oberdiek/grfext.sty
Package: grfext 2010/08/19 v1.1 Manage graphics extensions (HO)

(/usr/share/texlive/texmf-dist/tex/generic/oberdiek/kvdefinekeys.sty
Package: kvdefinekeys 2011/04/07 v1.3 Define keys (HO)
))
(/usr/share/texlive/texmf-dist/tex/latex/oberdiek/kvoptions.sty
Package: kvoptions 2011/06/30 v3.11 Key value format for package options (HO)

(/usr/share/texlive/texmf-dist/tex/generic/oberdiek/kvsetkeys.sty
Package: kvsetkeys 2012/04/25 v1.16 Key value parser (HO)

(/usr/share/texlive/texmf-dist/tex/generic/oberdiek/etexcmds.sty
Package: etexcmds 2011/02/16 v1.5 Avoid name clashes with e-TeX commands (HO)

(/usr/share/texlive/texmf-dist/tex/generic/oberdiek/ifluatex.sty
Package: ifluatex 2010/03/01 v1.3 Provides the ifluatex switch (HO)
Package ifluatex Info: LuaTeX not detected.
)
Package etexcmds Info: Could not find \expanded.
(etexcmds)             That can mean that you are not using pdfTeX 1.50 or
(etexcmds)             that some package has redefined \expanded.
(etexcmds)             In the latter case, load this package earlier.
)))
(/usr/share/texlive/texmf-dist/tex/generic/oberdiek/pdftexcmds.sty
Package: pdftexcmds 2011/11/29 v0.20 Utility functions of pdfTeX for LuaTeX (HO
)

(/usr/share/texlive/texmf-dist/tex/generic/oberdiek/ifpdf.sty
Package: ifpdf 2011/01/30 v2.3 Provides the ifpdf switch (HO)
Package ifpdf Info: pdfTeX in PDF mode is detected.
)
Package pdftexcmds Info: LuaTeX not detected.
Package pdftexcmds Info: \pdf@primitive is available.
Package pdftexcmds Info: \pdf@ifprimitive is available.
Package pdftexcmds Info: \pdfdraftmode found.
)
Package grfext Info: Graphics extension search list:
(grfext)             [.png,.pdf,.jpg,.mps,.jpeg,.jbig2,.jb2,.PNG,.PDF,.JPG,.JPE
G,.JBIG2,.JB2,.eps]
(grfext)             \AppendGraphicsExtensions on input line 452.

(/usr/share/texlive/texmf-dist/tex/latex/latexconfig/epstopdf-sys.cfg
File: epstopdf-sys.cfg 2010/07/13 v1.3 Configuration of (r)epstopdf for TeX Liv
e
)))
(/usr/share/texlive/texmf-dist/tex/latex/multirow/multirow.sty
\bigstrutjot=\dimen132
)
(/usr/share/texlive/texmf-dist/tex/latex/tools/array.sty
Package: array 2008/09/09 v2.4c Tabular extension package (FMi)
\col@sep=\dimen133
\extrarowheight=\dimen134
\NC@list=\toks33
\extratabsurround=\skip54
\backup@length=\skip55
)
(/usr/share/texlive/texmf-dist/tex/latex/listings/listings.sty
\lst@mode=\count145
\lst@gtempboxa=\box58
\lst@token=\toks34
\lst@length=\count146
\lst@currlwidth=\dimen135
\lst@column=\count147
\lst@pos=\count148
\lst@lostspace=\dimen136
\lst@width=\dimen137
\lst@newlines=\count149
\lst@lineno=\count150
\lst@maxwidth=\dimen138

(/usr/share/texlive/texmf-dist/tex/latex/listings/lstmisc.sty
File: lstmisc.sty 2013/08/26 1.5b (Carsten Heinz)
\c@lstnumber=\count151
\lst@skipnumbers=\count152
\lst@framebox=\box59
)
(/usr/share/texlive/texmf-dist/tex/latex/listings/listings.cfg
File: listings.cfg 2013/08/26 1.5b listings configuration
))
Package: listings 2013/08/26 1.5b (Carsten Heinz)

(/usr/share/texlive/texmf-dist/tex/latex/setspace/setspace.sty
Package: setspace 2011/12/19 v6.7a set line spacing
)
(/usr/share/texlive/texmf-dist/tex/latex/enumitem/enumitem.sty
Package: enumitem 2011/09/28 v3.5.2 Customized lists
\labelindent=\skip56
\enit@outerparindent=\dimen139
\enit@toks=\toks35
\enit@inbox=\box60
\enitdp@description=\count153
)
(/usr/share/texlive/texmf-dist/tex/latex/geometry/geometry.sty
Package: geometry 2010/09/12 v5.6 Page Geometry

(/usr/share/texlive/texmf-dist/tex/generic/oberdiek/ifvtex.sty
Package: ifvtex 2010/03/01 v1.5 Detect VTeX and its facilities (HO)
Package ifvtex Info: VTeX not detected.
)
(/usr/share/texlive/texmf-dist/tex/generic/ifxetex/ifxetex.sty
Package: ifxetex 2010/09/12 v0.6 Provides ifxetex conditional
)
\Gm@cnth=\count154
\Gm@cntv=\count155
\c@Gm@tempcnt=\count156
\Gm@bindingoffset=\dimen140
\Gm@wd@mp=\dimen141
\Gm@odd@mp=\dimen142
\Gm@even@mp=\dimen143
\Gm@layoutwidth=\dimen144
\Gm@layoutheight=\dimen145
\Gm@layouthoffset=\dimen146
\Gm@layoutvoffset=\dimen147
\Gm@dimlist=\toks36
)
(/usr/share/texlive/texmf-dist/tex/latex/graphics/lscape.sty
Package: lscape 2000/10/22 v3.01 Landscape Pages (DPC)
)
(/usr/share/texlive/texmf-dist/tex/latex/tools/longtable.sty
Package: longtable 2004/02/01 v4.11 Multi-page Table package (DPC)
\LTleft=\skip57
\LTright=\skip58
\LTpre=\skip59
\LTpost=\skip60
\LTchunksize=\count157
\LTcapwidth=\dimen148
\LT@head=\box61
\LT@firsthead=\box62
\LT@foot=\box63
\LT@lastfoot=\box64
\LT@cols=\count158
\LT@rows=\count159
\c@LT@tables=\count160
\c@LT@chunks=\count161
\LT@p@ftn=\toks37
)
(/usr/share/texlive/texmf-dist/tex/latex/hyperref/hyperref.sty
Package: hyperref 2012/11/06 v6.83m Hypertext links for LaTeX

(/usr/share/texlive/texmf-dist/tex/generic/oberdiek/hobsub-hyperref.sty
Package: hobsub-hyperref 2012/05/28 v1.13 Bundle oberdiek, subset hyperref (HO)


(/usr/share/texlive/texmf-dist/tex/generic/oberdiek/hobsub-generic.sty
Package: hobsub-generic 2012/05/28 v1.13 Bundle oberdiek, subset generic (HO)
Package: hobsub 2012/05/28 v1.13 Construct package bundles (HO)
Package hobsub Info: Skipping package `infwarerr' (already loaded).
Package hobsub Info: Skipping package `ltxcmds' (already loaded).
Package hobsub Info: Skipping package `ifluatex' (already loaded).
Package hobsub Info: Skipping package `ifvtex' (already loaded).
Package: intcalc 2007/09/27 v1.1 Expandable calculations with integers (HO)
Package hobsub Info: Skipping package `ifpdf' (already loaded).
Package hobsub Info: Skipping package `etexcmds' (already loaded).
Package hobsub Info: Skipping package `kvsetkeys' (already loaded).
Package hobsub Info: Skipping package `kvdefinekeys' (already loaded).
Package hobsub Info: Skipping package `pdftexcmds' (already loaded).
Package: pdfescape 2011/11/25 v1.13 Implements pdfTeX's escape features (HO)
Package: bigintcalc 2012/04/08 v1.3 Expandable calculations on big integers (HO
)
Package: bitset 2011/01/30 v1.1 Handle bit-vector datatype (HO)
Package: uniquecounter 2011/01/30 v1.2 Provide unlimited unique counter (HO)
)
Package hobsub Info: Skipping package `hobsub' (already loaded).
Package: letltxmacro 2010/09/02 v1.4 Let assignment for LaTeX macros (HO)
Package: hopatch 2012/05/28 v1.2 Wrapper for package hooks (HO)
Package: xcolor-patch 2011/01/30 xcolor patch
Package: atveryend 2011/06/30 v1.8 Hooks at the very end of document (HO)
Package atveryend Info: \enddocument detected (standard20110627).
Package: atbegshi 2011/10/05 v1.16 At begin shipout hook (HO)
Package: refcount 2011/10/16 v3.4 Data extraction from label references (HO)
Package: hycolor 2011/01/30 v1.7 Color options for hyperref/bookmark (HO)
)
(/usr/share/texlive/texmf-dist/tex/latex/oberdiek/auxhook.sty
Package: auxhook 2011/03/04 v1.3 Hooks for auxiliary files (HO)
)
\@linkdim=\dimen149
\Hy@linkcounter=\count162
\Hy@pagecounter=\count163

(/usr/share/texlive/texmf-dist/tex/latex/hyperref/pd1enc.def
File: pd1enc.def 2012/11/06 v6.83m Hyperref: PDFDocEncoding definition (HO)
Now handling font encoding PD1 ...
... no UTF-8 mapping file for font encoding PD1
)
\Hy@SavedSpaceFactor=\count164
Package hyperref Info: Option `unicode' set `true' on input line 3411.

(/usr/share/texlive/texmf-dist/tex/latex/hyperref/puenc.def
File: puenc.def 2012/11/06 v6.83m Hyperref: PDF Unicode definition (HO)
Now handling font encoding PU ...
... no UTF-8 mapping file for font encoding PU
)
(/usr/share/texlive/texmf-dist/tex/latex/latexconfig/hyperref.cfg
File: hyperref.cfg 2002/06/06 v1.2 hyperref configuration of TeXLive
)
Package hyperref Info: Option `bookmarks' set `true' on input line 4319.
Package hyperref Info: Hyper figures OFF on input line 4443.
Package hyperref Info: Link nesting OFF on input line 4448.
Package hyperref Info: Hyper index ON on input line 4451.
Package hyperref Info: Plain pages OFF on input line 4458.
Package hyperref Info: Backreferencing OFF on input line 4463.
Package hyperref Info: Implicit mode ON; LaTeX internals redefined.
Package hyperref Info: Bookmarks ON on input line 4688.
\c@Hy@tempcnt=\count165

(/usr/share/texlive/texmf-dist/tex/latex/url/url.sty
\Urlmuskip=\muskip11
Package: url 2013/09/16  ver 3.4  Verb mode for urls, etc.
)
LaTeX Info: Redefining \url on input line 5041.
\XeTeXLinkMargin=\dimen150
\Fld@menulength=\count166
\Field@Width=\dimen151
\Fld@charsize=\dimen152
Package hyperref Info: Hyper figures OFF on input line 6295.
Package hyperref Info: Link nesting OFF on input line 6300.
Package hyperref Info: Hyper index ON on input line 6303.
Package hyperref Info: backreferencing OFF on input line 6310.
Package hyperref Info: Link coloring OFF on input line 6315.
Package hyperref Info: Link coloring with OCG OFF on input line 6320.
Package hyperref Info: PDF/A mode OFF on input line 6325.
LaTeX Info: Redefining \ref on input line 6365.
LaTeX Info: Redefining \pageref on input line 6369.
\Hy@abspage=\count167
\c@Item=\count168
\c@Hfootnote=\count169
)

Package hyperref Message: Driver (autodetected): hpdftex.

(/usr/share/texlive/texmf-dist/tex/latex/hyperref/hpdftex.def
File: hpdftex.def 2012/11/06 v6.83m Hyperref driver for pdfTeX
\Fld@listcount=\count170
\c@bookmark@seq@number=\count171

(/usr/share/texlive/texmf-dist/tex/latex/oberdiek/rerunfilecheck.sty
Package: rerunfilecheck 2011/04/15 v1.7 Rerun checks for auxiliary files (HO)
Package uniquecounter Info: New unique counter `rerunfilecheck' on input line 2
82.
)
\Hy@SectionHShift=\skip61
)
(/usr/share/texlive/texmf-dist/tex/latex/titlesec/titlesec.sty
Package: titlesec 2011/12/15 v2.10.0 Sectioning titles
\ttl@box=\box65
\beforetitleunit=\skip62
\aftertitleunit=\skip63
\ttl@plus=\dimen153
\ttl@minus=\dimen154
\ttl@toksa=\toks38
\titlewidth=\dimen155
\titlewidthlast=\dimen156
\titlewidthfirst=\dimen157
)
(/usr/share/texlive/texmf-dist/tex/latex/caption/caption.sty
Package: caption 2013/05/02 v3.3-89 Customizing captions (AR)

(/usr/share/texlive/texmf-dist/tex/latex/caption/caption3.sty
Package: caption3 2013/05/02 v1.6-88 caption3 kernel (AR)
Package caption3 Info: TeX engine: e-TeX on input line 57.
\captionmargin=\dimen158
\captionmargin@=\dimen159
\captionwidth=\dimen160
\caption@tempdima=\dimen161
\caption@indent=\dimen162
\caption@parindent=\dimen163
\caption@hangindent=\dimen164
Package caption Info: Unknown document class (or package),
(caption)             standard defaults will be used.
)

Package caption Warning: Unsupported document class (or package) detected,
(caption)                usage of the caption package is not recommended.
See the caption package documentation for explanation.

Package caption Info: \@makecaption = \long macro:#1#2->\vspace {10pt}\sbox {\t
empbox }{#1. #2}\ifthenelse {\lengthtest {\wd \tempbox > \linewidth }}{\begin {
center}\begin {tabular}{@{}p{0.95\linewidth }@{}}{#1. #2}\end {tabular}\par \en
d {center}}{\begin {center}#1. #2\end {center}}.
\c@ContinuedFloat=\count172
Package caption Info: hyperref package is loaded.
Package caption Info: listings package is loaded.
Package caption Info: longtable package is loaded.
(/usr/share/texlive/texmf-dist/tex/latex/caption/ltcaption.sty
Package: ltcaption 2013/02/03 v1.3-62 longtable captions (AR)
)
Package caption Info: rotating package is loaded.
Package caption Info: threeparttable package is loaded.
)
(/usr/share/texlive/texmf-dist/tex/latex/psnfss/mathptmx.sty
Package: mathptmx 2005/04/12 PSNFSS-v9.2a Times w/ Math, improved (SPQR, WaS) 
LaTeX Font Info:    Redeclaring symbol font `operators' on input line 28.
LaTeX Font Info:    Overwriting symbol font `operators' in version `normal'
(Font)                  OT1/cmr/m/n --> OT1/ztmcm/m/n on input line 28.
LaTeX Font Info:    Overwriting symbol font `operators' in version `bold'
(Font)                  OT1/cmr/bx/n --> OT1/ztmcm/m/n on input line 28.
LaTeX Font Info:    Redeclaring symbol font `letters' on input line 29.
LaTeX Font Info:    Overwriting symbol font `letters' in version `normal'
(Font)                  OML/cmm/m/it --> OML/ztmcm/m/it on input line 29.
LaTeX Font Info:    Overwriting symbol font `letters' in version `bold'
(Font)                  OML/cmm/b/it --> OML/ztmcm/m/it on input line 29.
LaTeX Font Info:    Redeclaring symbol font `symbols' on input line 30.
LaTeX Font Info:    Overwriting symbol font `symbols' in version `normal'
(Font)                  OMS/cmsy/m/n --> OMS/ztmcm/m/n on input line 30.
LaTeX Font Info:    Overwriting symbol font `symbols' in version `bold'
(Font)                  OMS/cmsy/b/n --> OMS/ztmcm/m/n on input line 30.
LaTeX Font Info:    Redeclaring symbol font `largesymbols' on input line 31.
LaTeX Font Info:    Overwriting symbol font `largesymbols' in version `normal'
(Font)                  OMX/cmex/m/n --> OMX/ztmcm/m/n on input line 31.
LaTeX Font Info:    Overwriting symbol font `largesymbols' in version `bold'
(Font)                  OMX/cmex/m/n --> OMX/ztmcm/m/n on input line 31.
\symbold=\mathgroup7
\symitalic=\mathgroup8
LaTeX Font Info:    Redeclaring math alphabet \mathbf on input line 34.
LaTeX Font Info:    Overwriting math alphabet `\mathbf' in version `normal'
(Font)                  OT1/cmr/bx/n --> OT1/ptm/bx/n on input line 34.
LaTeX Font Info:    Overwriting math alphabet `\mathbf' in version `bold'
(Font)                  OT1/cmr/bx/n --> OT1/ptm/bx/n on input line 34.
LaTeX Font Info:    Redeclaring math alphabet \mathit on input line 35.
LaTeX Font Info:    Overwriting math alphabet `\mathit' in version `normal'
(Font)                  OT1/cmr/m/it --> OT1/ptm/m/it on input line 35.
LaTeX Font Info:    Overwriting math alphabet `\mathit' in version `bold'
(Font)                  OT1/cmr/bx/it --> OT1/ptm/m/it on input line 35.
LaTeX Info: Redefining \hbar on input line 50.
)
(/usr/share/texmf/tex/latex/scalable-cyrfonts-tex/cyrtimes.sty
Package: cyrtimes 2001/02/08 scalable-cyrfonts
)
\@indexfile=\write4
\openout4 = `book.idx'.


Writing index file book.idx
\c@def=\count173
(./book.aux (./titlepage.aux) (./specpage.aux) (./intro.aux) (./chapter1.aux)
(./chapter2.aux) (./chapter3.aux) (./chapter4.aux) (./chapter5.aux)
(./chapter6.aux) (./outro.aux) (./referenc.aux) (./outdata.aux))
\openout1 = `book.aux'.

LaTeX Font Info:    Checking defaults for OML/cmm/m/it on input line 147.
LaTeX Font Info:    ... okay on input line 147.
LaTeX Font Info:    Checking defaults for T1/cmr/m/n on input line 147.
LaTeX Font Info:    ... okay on input line 147.
LaTeX Font Info:    Checking defaults for OT1/cmr/m/n on input line 147.
LaTeX Font Info:    ... okay on input line 147.
LaTeX Font Info:    Checking defaults for OMS/cmsy/m/n on input line 147.
LaTeX Font Info:    ... okay on input line 147.
LaTeX Font Info:    Checking defaults for OMX/cmex/m/n on input line 147.
LaTeX Font Info:    ... okay on input line 147.
LaTeX Font Info:    Checking defaults for U/cmr/m/n on input line 147.
LaTeX Font Info:    ... okay on input line 147.
LaTeX Font Info:    Checking defaults for T2A/cmr/m/n on input line 147.
LaTeX Font Info:    ... okay on input line 147.
LaTeX Font Info:    Checking defaults for PD1/pdf/m/n on input line 147.
LaTeX Font Info:    ... okay on input line 147.
LaTeX Font Info:    Checking defaults for PU/pdf/m/n on input line 147.
LaTeX Font Info:    ... okay on input line 147.
LaTeX Font Info:    Try loading font information for T2A+ftm on input line 147.


(/usr/share/texmf/tex/latex/scalable-cyrfonts-tex/t2aftm.fd
File: t2aftm.fd 2014/01/03 Fontinst v1.933 font definitions for T2A/ftm.
)
(/usr/share/texlive/texmf-dist/tex/context/base/supp-pdf.mkii
[Loading MPS to PDF converter (version 2006.09.02).]
\scratchcounter=\count174
\scratchdimen=\dimen165
\scratchbox=\box66
\nofMPsegments=\count175
\nofMParguments=\count176
\everyMPshowfont=\toks39
\MPscratchCnt=\count177
\MPscratchDim=\dimen166
\MPnumerator=\count178
\makeMPintoPDFobject=\count179
\everyMPtoPDFconversion=\toks40
)
\c@lstlisting=\count180

*geometry* driver: auto-detecting
*geometry* detected driver: pdftex
*geometry* verbose mode - [ preamble ] result:
* driver: pdftex
* paper: a4paper
* layout: <same size as paper>
* layoutoffset:(h,v)=(0.0pt,0.0pt)
* modes: twoside 
* h-part:(L,W,R)=(56.90552pt, 455.24408pt, 85.35828pt)
* v-part:(T,H,B)=(71.13188pt, 702.78308pt, 71.13188pt)
* \paperwidth=597.50787pt
* \paperheight=845.04684pt
* \textwidth=455.24408pt
* \textheight=702.78308pt
* \oddsidemargin=0.0pt
* \evensidemargin=0.0pt
* \topmargin=-1.1381pt
* \headheight=0.0pt
* \headsep=0.0pt
* \topskip=12.0pt
* \footskip=28.0pt
* \marginparwidth=0.0pt
* \marginparsep=7.0pt
* \columnsep=10.0pt
* \skip\footins=10.8pt plus 4.0pt minus 2.0pt
* \hoffset=0.0pt
* \voffset=-9.0pt
* \mag=1000
* \@twocolumnfalse
* \@twosidetrue
* \@mparswitchtrue
* \@reversemarginfalse
* (1in=72.27pt=25.4mm, 1cm=28.453pt)

\AtBeginShipoutBox=\box67
Package hyperref Info: Link coloring OFF on input line 147.
(/usr/share/texlive/texmf-dist/tex/latex/hyperref/nameref.sty
Package: nameref 2012/10/27 v2.43 Cross-referencing by name of section

(/usr/share/texlive/texmf-dist/tex/generic/oberdiek/gettitlestring.sty
Package: gettitlestring 2010/12/03 v1.4 Cleanup title references (HO)
)
\c@section@level=\count181
)
LaTeX Info: Redefining \ref on input line 147.
LaTeX Info: Redefining \pageref on input line 147.
LaTeX Info: Redefining \nameref on input line 147.

(./book.out) (./book.out)
\@outlinefile=\write5
\openout5 = `book.out'.

Package caption Info: Begin \AtBeginDocument code.
Package caption Info: End \AtBeginDocument code.
\openout2 = `titlepage.aux'.

 (./titlepage.tex
LaTeX Font Info:    Font shape `T2A/ftm/bx/n' in size <12> not available
(Font)              Font shape `T2A/ftm/b/n' tried instead on input line 9.
LaTeX Font Info:    Font shape `T2A/ftm/bx/n' in size <14.4> not available
(Font)              Font shape `T2A/ftm/b/n' tried instead on input line 20.
LaTeX Font Info:    Font shape `T2A/ftm/bx/n' in size <20.74> not available
(Font)              Font shape `T2A/ftm/b/n' tried instead on input line 21.
Package babel Info: Redefining russian shorthand "|
(babel)             in language  on input line 42.
Package babel Info: Redefining russian shorthand "~
(babel)             in language  on input line 42.
Package babel Info: Redefining russian shorthand "|
(babel)             in language  on input line 42.
Package babel Info: Redefining russian shorthand "~
(babel)             in language  on input line 42.
 [1





{/var/lib/texmf/fonts/map/pdftex/updmap/pdftex.map}])
\openout2 = `specpage.aux'.

 (./specpage.tex
Underfull \hbox (badness 1314) in paragraph at lines 11--15
\T2A/ftm/m/n/14.4 кафедра <<»н-фор-ма-ци-он-ные тех-но-ло-гии>> ”ль€-нов-ско-го

 []


Underfull \hbox (badness 2617) in paragraph at lines 18--21
\T2A/ftm/m/n/12 ”тверждено редакционно-издательским со-ве-том уни-вер-си-те-та 
в ка-че-стве учеб-но-го
 []


Underfull \hbox (badness 1210) in paragraph at lines 31--37
[]\T2A/ftm/m/n/12 ¬ рам-ках дан-но-го по-со-би€ рас-смат-ри-ва-ет-с€ од-но из н
а-прав-ле-ний об-ра-бот-ки
 []


Underfull \hbox (badness 1762) in paragraph at lines 31--37
\T2A/ftm/m/n/12 го-ды к этой те-ма-ти-ке про-€в-л€-ет-с€ боль-шой ин-те-рес по-
сколь-ку с ис-поль-зо-ва-ни-ем
 []


Underfull \hbox (badness 2326) in paragraph at lines 31--37
\T2A/ftm/m/n/12 €в-ле-ний и про-цес-сов, ко-то-рые €в-л€-ют-с€ ис-точ-ни-ком р€
-дов. ѕо-стро-ен-ные мо-де-ли
 []


Underfull \hbox (badness 3179) in paragraph at lines 38--41
[]\T2A/ftm/m/n/12 ѕособие пред-на-зна-че-но дл€ сту-ден-тов на-прав-ле-ни€ 09.0
3.04 <<ѕро-грамм-на€
 []

LaTeX Font Info:    Try loading font information for OT1+ztmcm on input line 53
.
(/usr/share/texlive/texmf-dist/tex/latex/psnfss/ot1ztmcm.fd
File: ot1ztmcm.fd 2000/01/03 Fontinst v1.801 font definitions for OT1/ztmcm.
)
LaTeX Font Info:    Try loading font information for OML+ztmcm on input line 53
.

(/usr/share/texlive/texmf-dist/tex/latex/psnfss/omlztmcm.fd
File: omlztmcm.fd 2000/01/03 Fontinst v1.801 font definitions for OML/ztmcm.
)
LaTeX Font Info:    Try loading font information for OMS+ztmcm on input line 53
.

(/usr/share/texlive/texmf-dist/tex/latex/psnfss/omsztmcm.fd
File: omsztmcm.fd 2000/01/03 Fontinst v1.801 font definitions for OMS/ztmcm.
)
LaTeX Font Info:    Try loading font information for OMX+ztmcm on input line 53
.

(/usr/share/texlive/texmf-dist/tex/latex/psnfss/omxztmcm.fd
File: omxztmcm.fd 2000/01/03 Fontinst v1.801 font definitions for OMX/ztmcm.
)
LaTeX Font Info:    Try loading font information for U+rsfs on input line 53.

(/usr/share/texlive/texmf-dist/tex/latex/jknapltx/ursfs.fd
File: ursfs.fd 1998/03/24 rsfs font definition file (jk)
)
LaTeX Font Info:    Try loading font information for OT1+ptm on input line 53.

(/usr/share/texlive/texmf-dist/tex/latex/psnfss/ot1ptm.fd
File: ot1ptm.fd 2001/06/04 font definitions for OT1/ptm.
)
LaTeX Font Info:    Font shape `OT1/ptm/bx/n' in size <14.4> not available
(Font)              Font shape `OT1/ptm/b/n' tried instead on input line 53.
LaTeX Font Info:    Font shape `OT1/ptm/bx/n' in size <10.95> not available
(Font)              Font shape `OT1/ptm/b/n' tried instead on input line 53.
LaTeX Font Info:    Font shape `OT1/ptm/bx/n' in size <8> not available
(Font)              Font shape `OT1/ptm/b/n' tried instead on input line 53.
LaTeX Font Info:    Try loading font information for OMS+ftm on input line 57.
LaTeX Font Info:    No file OMSftm.fd. on input line 57.


LaTeX Font Warning: Font shape `OMS/ftm/m/n' undefined
(Font)              using `OMS/cmsy/m/n' instead on input line 57.

)
Package babel Info: Redefining russian shorthand "|
(babel)             in language  on input line 157.
Package babel Info: Redefining russian shorthand "~
(babel)             in language  on input line 157.
Package babel Info: Redefining russian shorthand "|
(babel)             in language  on input line 157.
Package babel Info: Redefining russian shorthand "~
(babel)             in language  on input line 157.
 [2


] (./book.toc
LaTeX Font Info:    Try loading font information for OT1+ftm on input line 1.
 (/usr/share/texmf/tex/latex/scalable-cyrfonts-tex/ot1ftm.fd
File: ot1ftm.fd 2014/01/03 Fontinst v1.933 font definitions for OT1/ftm.
)
Underfull \hbox (badness 1038) in paragraph at lines 14--14
 [] [][]\T2A/ftm/b/n/14.4 –азработка ар-хи-тек-ту-ры про-грамм-ной си-сте-мы дл
€ ме-то-да 
 []

)
\tf@toc=\write6
\openout6 = `book.toc'.

Package babel Info: Redefining russian shorthand "|
(babel)             in language  on input line 161.
Package babel Info: Redefining russian shorthand "~
(babel)             in language  on input line 161.
Package babel Info: Redefining russian shorthand "|
(babel)             in language  on input line 161.
Package babel Info: Redefining russian shorthand "~
(babel)             in language  on input line 161.
 [3


]
\openout2 = `intro.aux'.

 (./intro.tex
Package babel Info: Redefining russian shorthand "|
(babel)             in language  on input line 3.
Package babel Info: Redefining russian shorthand "~
(babel)             in language  on input line 3.

Underfull \hbox (badness 2269) in paragraph at lines 7--8
\T2A/ftm/m/n/14.4 р€-дов. ќсве-ще-ны осо-бен-но-сти по-стро-е-ни€ научно-исслед
овательского
 []

)
Package babel Info: Redefining russian shorthand "|
(babel)             in language  on input line 161.
Package babel Info: Redefining russian shorthand "~
(babel)             in language  on input line 161.
Package babel Info: Redefining russian shorthand "|
(babel)             in language  on input line 161.
Package babel Info: Redefining russian shorthand "~
(babel)             in language  on input line 161.
 [4


]
\openout2 = `chapter1.aux'.

 (./chapter1.tex
{\cyrillictext \CYRG \cyrl \cyra \cyrv \cyra } 1.
Package babel Info: Redefining russian shorthand "|
(babel)             in language  on input line 5.
Package babel Info: Redefining russian shorthand "~
(babel)             in language  on input line 5.
Package babel Info: Redefining russian shorthand "|
(babel)             in language  on input line 10.
Package babel Info: Redefining russian shorthand "~
(babel)             in language  on input line 10.

Underfull \hbox (badness 2050) in paragraph at lines 12--14
[]\T2A/ftm/m/n/14.4 ¬ременной р€д опре-де-л€-ет-с€ как по-сле-до-ва-тель-ность 
зна-че-ний,
 []


Underfull \hbox (badness 1502) in paragraph at lines 12--14
\T2A/ftm/m/n/14.4 упо-р€-до-чен-ных во вре-ме-ни и ха-рак-те-ри-зу-ю-щих уро-ве
нь со-сто-€-ни€ и
 []


Underfull \hbox (badness 2158) in paragraph at lines 12--14
\T2A/ftm/m/n/14.4 из-ме-не-ни€ на-блю-да-е-мо-го по-ка-за-те-л€. ќсо-бен-но-сть
ю вре-мен-но-го р€-да
 []


Underfull \hbox (badness 3078) in paragraph at lines 12--14
\T2A/ftm/m/n/14.4 €в-л€-ет-с€ то, что каж-дое зна-че-ние по-ка-за-те-л€ за-ви-с
ит от про-шлых
 []


LaTeX Warning: Citation `kendel' on page 5 undefined on input line 17.


Underfull \hbox (badness 2538) in paragraph at lines 17--18
[]\T2A/ftm/m/it/14.4 ƒлина р€-да\T2A/ftm/m/n/14.4 . «десь упо-треб-л€-ет-с€ в с
мыс-ле чис-ла на-блю-де-ний
 []


Underfull \hbox (badness 2644) in paragraph at lines 18--20
\T2A/ftm/m/n/14.4 дис-крет-ные р€-ды мо-гут быть по-лу-че-ны из непре-рыв-ных д
ву-м€
 []


Underfull \hbox (badness 1087) in paragraph at lines 23--31
[]\T2A/ftm/m/it/14.4 ƒетерминированность\T2A/ftm/m/n/14.4 . ≈с-ли бу-ду-щие зна
-че-ни€ вре-мен-но-го р€-да
 []


Underfull \hbox (badness 1874) in paragraph at lines 23--31
\T2A/ftm/m/n/14.4 р€д на-зы-ва-ет-с€ де-тер-ми-ни-ро-ван-ным. ≈с-ли же бу-ду-щи
е зна-че-ни€
 []


Underfull \hbox (badness 1210) in paragraph at lines 23--31
\T2A/ftm/m/n/14.4 опи-сы-ва-ют-с€ толь-ко с по-мо-щью рас-пре-де-ле-ни€ ве-ро-€
т-но-стей, то
 []


Underfull \hbox (badness 1112) in paragraph at lines 23--31
\T2A/ftm/m/n/14.4 вре-мен-ной р€д на-зы-ва-ет-с€ неде-тер-ми-ни-ро-ван-ным, слу
-чай-ным или
 []


Underfull \hbox (badness 1895) in paragraph at lines 23--31
\T2A/ftm/m/n/14.4 сто-ха-сти-че-ским. ¬ свою оче-редь сто-ха-сти-че-ский вре-ме
н-ной р€д
 []

Package babel Info: Redefining russian shorthand "|
(babel)             in language  on input line 31.
Package babel Info: Redefining russian shorthand "~
(babel)             in language  on input line 31.
Package babel Info: Redefining russian shorthand "|
(babel)             in language  on input line 31.
Package babel Info: Redefining russian shorthand "~
(babel)             in language  on input line 31.
[5



]
Underfull \hbox (badness 3179) in paragraph at lines 31--36
\T2A/ftm/m/n/14.4 ин-тер-валь-но-го р€-да да-ет вполне ре-аль-ный по-ка-за-тель
 -- об-щее
 []

Package babel Info: Redefining russian shorthand "|
(babel)             in language  on input line 42.
Package babel Info: Redefining russian shorthand "~
(babel)             in language  on input line 42.

Underfull \hbox (badness 2698) in paragraph at lines 43--45
[]\T2A/ftm/m/n/14.4 ¬ изу-че-нии вре-мен-ных р€-дов боль-шое ме-сто за-ни-ма-ет
 во-прос
 []


Underfull \hbox (badness 1072) in paragraph at lines 43--45
\T2A/ftm/m/n/14.4 ¬ы-€в-ле-ние за-ви-си-мо-стей, дей-ству-ю-щих во вре-ме-ни €в
-л€-ет-с€ слож-ной
 []


Underfull \hbox (badness 1168) in paragraph at lines 52--57
\T2A/ftm/m/n/14.4 р€-да. ќс-нов-ной тен-ден-ци-ей, или трен-дом, на-зы-ва-ет-с€
 ха-рак-те-ри-сти-ка
 []


Underfull \hbox (badness 1303) in paragraph at lines 52--57
\T2A/ftm/m/n/14.4 про-цес-са из-ме-не-ни€ €в-ле-ни€ за дли-тель-ное вре-м€, осв
о-бож-ден-на€ от
 []


Underfull \vbox (badness 2393) has occurred while \output is active []

Package babel Info: Redefining russian shorthand "|
(babel)             in language  on input line 57.
Package babel Info: Redefining russian shorthand "~
(babel)             in language  on input line 57.
Package babel Info: Redefining russian shorthand "|
(babel)             in language  on input line 57.
Package babel Info: Redefining russian shorthand "~
(babel)             in language  on input line 57.
 [6]
Underfull \hbox (badness 1205) in paragraph at lines 58--59
[]\T2A/ftm/m/n/14.4 ќднако мож-но на-блю-дать иерар-хию тен-ден-ций и ко-ле-ба-
ний: та
 []


Underfull \hbox (badness 1748) in paragraph at lines 68--69
[]\T2A/ftm/m/n/14.4 ¬ об-щем слу-чае вре-мен-ной р€д пред-став-л€-ет-с€ в ви-де
 сум-мы
 []

Package babel Info: Redefining russian shorthand "|
(babel)             in language  on input line 70.
Package babel Info: Redefining russian shorthand "~
(babel)             in language  on input line 70.

Underfull \hbox (badness 3690) in paragraph at lines 71--78
\T2A/ftm/m/n/14.4 мо-дель. ћо-де-ли вре-мен-ных р€-дов удоб-но при-ме-н€ть, в ч
аст-но-сти,
 []


Underfull \hbox (badness 2173) in paragraph at lines 71--78
\T2A/ftm/m/n/14.4 в двух зна-че-ни-€х: как мо-дель вре-мен-но-го р€-да, вы-ра-ж
а-ю-ща€ за-кон
 []


Underfull \vbox (badness 2846) has occurred while \output is active []

Package babel Info: Redefining russian shorthand "|
(babel)             in language  on input line 78.
Package babel Info: Redefining russian shorthand "~
(babel)             in language  on input line 78.
Package babel Info: Redefining russian shorthand "|
(babel)             in language  on input line 78.
Package babel Info: Redefining russian shorthand "~
(babel)             in language  on input line 78.
 [7]
Underfull \hbox (badness 3668) in paragraph at lines 84--85
[]\T2A/ftm/m/n/14.4 ѕостроение си-сте-мы ма-те-ма-ти-че-ско-го ви-да, ко-то-ра€
 опи-сы-ва-ет
 []


Underfull \hbox (badness 1769) in paragraph at lines 85--86
[]\T2A/ftm/m/n/14.4 ƒл€ объ-€с-не-ни€ по-ве-де-ни€ вре-мен-но-го р€-да с по-мо-
щью дру-гих
 []


Underfull \hbox (badness 2035) in paragraph at lines 102--103
\T2A/ftm/m/n/14.4 ука-за-ни€ воз-мож-ных пу-тей и сро-ков до-сти-же-ни€ за-дан-
но-го,
 []


Underfull \hbox (badness 2884) in paragraph at lines 102--103
\T2A/ftm/m/n/14.4 есть нор-ма-тив-ный про-гноз раз-ра-ба-ты-ва-ет-с€ на ба-зе з
а-ра-нее
 []


Underfull \vbox (badness 4454) has occurred while \output is active []

Package babel Info: Redefining russian shorthand "|
(babel)             in language  on input line 103.
Package babel Info: Redefining russian shorthand "~
(babel)             in language  on input line 103.
Package babel Info: Redefining russian shorthand "|
(babel)             in language  on input line 103.
Package babel Info: Redefining russian shorthand "~
(babel)             in language  on input line 103.
 [8]
Underfull \hbox (badness 3240) in paragraph at lines 103--105
[]\T2A/ftm/m/n/14.4 ѕоисковый про-гноз не ори-ен-ти-ру-ет-с€ на за-дан-ную цель
, а
 []


Underfull \hbox (badness 3849) in paragraph at lines 103--105
\T2A/ftm/m/n/14.4 гно-зи-ру-е-мо-го объ-ек-та, то есть вы-€в-ле-ние то-го, как 
бу-дет
 []


Underfull \hbox (badness 4266) in paragraph at lines 109--110
[]\T2A/ftm/m/n/14.4 естественноведческие ^^U это про-гно-зы в об-ла-сти био-ло-
гии,
 []


Underfull \hbox (badness 4391) in paragraph at lines 114--115
[]\T2A/ftm/m/n/14.4 глобальные ^^U рас-смат-ри-ва-ют наи-бо-лее об-щие тен-ден-
ции и
 []


Underfull \vbox (badness 10000) has occurred while \output is active []

Package babel Info: Redefining russian shorthand "|
(babel)             in language  on input line 126.
Package babel Info: Redefining russian shorthand "~
(babel)             in language  on input line 126.
Package babel Info: Redefining russian shorthand "|
(babel)             in language  on input line 126.
Package babel Info: Redefining russian shorthand "~
(babel)             in language  on input line 126.
 [9]
Underfull \hbox (badness 1158) in paragraph at lines 129--130
[]\T2A/ftm/m/n/14.4 ћодели ос-но-ва-ны на до-пу-ще-нии о том, что ос-нов-ные фа
к-то-ры
 []

)
Package babel Info: Redefining russian shorthand "|
(babel)             in language  on input line 162.
Package babel Info: Redefining russian shorthand "~
(babel)             in language  on input line 162.
Package babel Info: Redefining russian shorthand "|
(babel)             in language  on input line 162.
Package babel Info: Redefining russian shorthand "~
(babel)             in language  on input line 162.
 [10]
\openout2 = `chapter2.aux'.

 (./chapter2.tex
{\cyrillictext \CYRG \cyrl \cyra \cyrv \cyra } 2.
Package babel Info: Redefining russian shorthand "|
(babel)             in language  on input line 5.
Package babel Info: Redefining russian shorthand "~
(babel)             in language  on input line 5.
Package babel Info: Redefining russian shorthand "|
(babel)             in language  on input line 8.
Package babel Info: Redefining russian shorthand "~
(babel)             in language  on input line 8.

Underfull \hbox (badness 3769) in paragraph at lines 9--11
\T2A/ftm/m/n/14.4 р€-да необ-хо-ди-мо по-стро-ить мо-дель р€-да, ко-то-ра€ наи-
бо-лее пол-но
 []


Underfull \hbox (badness 1281) in paragraph at lines 9--11
\T2A/ftm/m/n/14.4 фор-мы пред-став-ле-ни€, но сре-ди них вы-де-л€-ют сле-ду-ю-щ
ие, име-ю-щие
 []


Underfull \hbox (badness 3514) in paragraph at lines 21--22
[]\T2A/ftm/m/n/14.4 интегральные мо-де-ли (Autoregressive Integrated Moving Ave
rage,
 []


Underfull \hbox (badness 3568) in paragraph at lines 27--28
[]\T2A/ftm/m/n/14.4 ¬ це-лом, ста-ти-сти-че-ский под-ход к ана-ли-зу вре-мен-ны
х р€-дов
 []


Underfull \hbox (badness 10000) in paragraph at lines 29--31
[]\T2A/ftm/m/n/14.4 »зучение вре-мен-ных р€-дов осу-ществ-л€-ет-с€ при по-мо-щи

 []


Underfull \hbox (badness 10000) in paragraph at lines 29--31
\T2A/ftm/m/n/14.4 веро€тностно-статистических мо-де-лей. ѕри этом вы-де-л€-ют
 []

Package babel Info: Redefining russian shorthand "|
(babel)             in language  on input line 39.
Package babel Info: Redefining russian shorthand "~
(babel)             in language  on input line 39.
Package babel Info: Redefining russian shorthand "|
(babel)             in language  on input line 39.
Package babel Info: Redefining russian shorthand "~
(babel)             in language  on input line 39.
[11



]
Underfull \hbox (badness 2351) in paragraph at lines 73--74
[]\T2A/ftm/m/n/14.4 минусы: вли-€-ние бу-дет зна-чи-тель-ным дл€ пер-вых чле-но
в р€-да,
 []


Underfull \hbox (badness 2617) in paragraph at lines 75--77
[]\T2A/ftm/m/n/14.4 услови€ при-ме-не-ни€: на-ли-чие преды-ду-ще-го зна-че-ни€ 
в св€-зи с
 []


Underfull \vbox (badness 5563) has occurred while \output is active []

Package babel Info: Redefining russian shorthand "|
(babel)             in language  on input line 77.
Package babel Info: Redefining russian shorthand "~
(babel)             in language  on input line 77.
Package babel Info: Redefining russian shorthand "|
(babel)             in language  on input line 77.
Package babel Info: Redefining russian shorthand "~
(babel)             in language  on input line 77.
 [12]
Underfull \hbox (badness 1472) in paragraph at lines 83--84
\T2A/ftm/m/n/14.4 сколь-з€-ще-го сред-не-го с ко-неч-ным от-рез-ком усред-не-ни
€) , из-вест-ный
 []


Underfull \hbox (badness 1067) in paragraph at lines 83--84
\T2A/ftm/m/n/14.4 как класс ав-то-ре-грес-сий. <<  дан-но-му р€-ду мож-но от-но
-сить-с€ как к
 []


Underfull \hbox (badness 1331) in paragraph at lines 89--90
\T2A/ftm/m/n/14.4 опре-де-ле-ни€ фак-та на-ли-чи€ де-тер-ми-ни-ро-ван-но-го тре
н-да. —у-ще-ству-ют
 []


Underfull \hbox (badness 4048) in paragraph at lines 91--92
[]\T2A/ftm/m/n/14.4 —татистические мо-де-ли ха-рак-те-ри-зу-ют-с€ невы-со-ким к
а-че-ством
 []


Underfull \hbox (badness 1038) in paragraph at lines 95--96
\T2A/ftm/m/n/14.4 ре-аль-но-го объ-ек-та, что вно-сит субъ-ек-ти-визм в вы-бор 
как са-мой
 []


Underfull \hbox (badness 4792) in paragraph at lines 96--97
\T2A/ftm/m/n/14.4 в раз-ных вре-мен-ных р€-дах и (или) име-ют вре-мен-ные сдви-
ги
 []

Package babel Info: Redefining russian shorthand "|
(babel)             in language  on input line 98.
Package babel Info: Redefining russian shorthand "~
(babel)             in language  on input line 98.
Package babel Info: Redefining russian shorthand "|
(babel)             in language  on input line 98.
Package babel Info: Redefining russian shorthand "~
(babel)             in language  on input line 98.
[13]
Underfull \hbox (badness 3000) in paragraph at lines 99--100
[]\T2A/ftm/m/n/14.4 зависимость ре-зуль-та-та про-гно-за от ква-ли-фи-ка-ции ан
а-ли-ти-ка в
 []

Package babel Info: Redefining russian shorthand "|
(babel)             in language  on input line 102.
Package babel Info: Redefining russian shorthand "~
(babel)             in language  on input line 102.

Underfull \hbox (badness 2753) in paragraph at lines 103--104
\T2A/ftm/m/n/14.4 дл€ про-гно-зи-ро-ва-ни€ вре-мен-ных р€-дов €в-л€-ет-с€ ак-ти
в-ной об-ла-стью
 []


Underfull \hbox (badness 3612) in paragraph at lines 105--106
\T2A/ftm/m/n/14.4 к рас-по-зна-ва-нию сде-ла-ли их при-вле-ка-тель-ной аль-тер-
на-ти-вой, ко-гда
 []


Underfull \hbox (badness 1895) in paragraph at lines 105--106
\T2A/ftm/m/n/14.4 фор-му-ли-ро-вать про-гно-сти-че-скую мо-дель, »Ќ—, как пра-в
и-ло, труд-но
 []


Underfull \hbox (badness 1117) in paragraph at lines 107--110
[]\T2A/ftm/m/n/14.4 Ќейронные се-ти бла-го-да-р€ сво-им свой-ствам хо-ро-шо за-
ре-ко-мен-
 []


Underfull \hbox (badness 1616) in paragraph at lines 107--110
\T2A/ftm/m/n/14.4 до-ва-ли се-б€ при об-ра-бот-ке дан-ных. ќд-ной из важ-ных ос
о-бен-но-стей
 []


Underfull \hbox (badness 1803) in paragraph at lines 117--119
\T2A/ftm/m/n/14.4 уни-вер-саль-но-го ап-прок-си-ма-то-ра функ-ции от несколь-ки
х пе-ре-мен-ных,
 []


Underfull \hbox (badness 1383) in paragraph at lines 117--119
\T2A/ftm/m/n/14.4 ре-а-ли-зу€ нели-ней-ную функ-цию $\OML/ztmcm/m/it/14.4 y \OT
1/ztmcm/m/n/14.4 = \OML/ztmcm/m/it/14.4 f\OT1/ztmcm/m/n/14.4 (\OML/ztmcm/m/it/1
4.4 x\OT1/ztmcm/m/n/14.4 )$\T2A/ftm/m/n/14.4 , где x - вход-ной век-тор, y
 []


Underfull \hbox (badness 2662) in paragraph at lines 117--119
\T2A/ftm/m/n/14.4 зна-чи-тель-но-го ко-ли-че-ства за-дач мо-де-ли-ро-ва-ни€ мо-
гут быть све-де-ны
 []

Package babel Info: Redefining russian shorthand "|
(babel)             in language  on input line 119.
Package babel Info: Redefining russian shorthand "~
(babel)             in language  on input line 119.
Package babel Info: Redefining russian shorthand "|
(babel)             in language  on input line 119.
Package babel Info: Redefining russian shorthand "~
(babel)             in language  on input line 119.
[14]
Underfull \hbox (badness 2913) in paragraph at lines 120--121
\T2A/ftm/m/n/14.4 в пред-ска-за-нии бу-ду-щей ре-ак-ции си-сте-мы по ее пред-ше
-ству-ю-ще-му
 []


Underfull \hbox (badness 2165) in paragraph at lines 120--121
\T2A/ftm/m/n/14.4 по-ве-де-нию. ќб-ла-да€ ин-фор-ма-ци-ей о зна-че-ни-€х пе-ре-
мен-ной $\OML/ztmcm/m/it/14.4 x$ \T2A/ftm/m/n/14.4 в мо-
 []


Underfull \hbox (badness 1783) in paragraph at lines 122--123
[]\T2A/ftm/m/n/14.4 <<ћоделирование ¬– в рам-ках ней-ро-се-те-во-го под-хо-да с
во-дит-с€
 []


Underfull \hbox (badness 2126) in paragraph at lines 122--123
\T2A/ftm/m/n/14.4 к за-да-че наи-луч-шей ап-прок-си-ма-ции нели-ней-ной функ-ци
и от мно-гих
 []


Underfull \hbox (badness 1484) in paragraph at lines 130--132
\T2A/ftm/m/n/14.4 чи, и мо-гут су-ще-ство-вать раз-лич-ные спо-со-бы опре-де-ли
ть струк-ту-ру,
 []


Underfull \hbox (badness 2547) in paragraph at lines 137--138
[]\T2A/ftm/m/n/14.4 численных ме-то-дов, ис-поль-зу-е-мых в мо-де-ли и дл€ вы-ч
ис-ле-ни€
 []

Package babel Info: Redefining russian shorthand "|
(babel)             in language  on input line 141.
Package babel Info: Redefining russian shorthand "~
(babel)             in language  on input line 141.
Package babel Info: Redefining russian shorthand "|
(babel)             in language  on input line 141.
Package babel Info: Redefining russian shorthand "~
(babel)             in language  on input line 141.
[15]
Underfull \hbox (badness 1783) in paragraph at lines 148--149
[]\T2A/ftm/m/n/14.4 ‘ункци€, ко-то-ра€ опре-де-л€-ет вы-ход каж-до-го ней-ро-на
, функ-ци€
 []

LaTeX Font Info:    Font shape `OT1/ptm/bx/n' in size <12> not available
(Font)              Font shape `OT1/ptm/b/n' tried instead on input line 169.
LaTeX Font Info:    Font shape `OT1/ptm/bx/n' in size <9> not available
(Font)              Font shape `OT1/ptm/b/n' tried instead on input line 169.
LaTeX Font Info:    Font shape `OT1/ptm/bx/n' in size <7> not available
(Font)              Font shape `OT1/ptm/b/n' tried instead on input line 169.

LaTeX Warning: `!h' float specifier changed to `!ht'.


Underfull \hbox (badness 2065) in paragraph at lines 197--199
\T2A/ftm/m/n/14.4 де-ла-ют апри-ор-ных пред-по-ло-же-ний о рас-пре-де-ле-нии да
н-ных или
 []


Underfull \vbox (badness 6063) has occurred while \output is active []

Package babel Info: Redefining russian shorthand "|
(babel)             in language  on input line 200.
Package babel Info: Redefining russian shorthand "~
(babel)             in language  on input line 200.
Package babel Info: Redefining russian shorthand "|
(babel)             in language  on input line 200.
Package babel Info: Redefining russian shorthand "~
(babel)             in language  on input line 200.
 [16]
Underfull \hbox (badness 4454) in paragraph at lines 201--202
[]\T2A/ftm/m/n/14.4 когда эле-мент ней-рон-ной се-ти вы-хо-дит из стро€, она мо
-жет
 []


Underfull \hbox (badness 3547) in paragraph at lines 206--207
[]\T2A/ftm/m/n/14.4 нет об-щих ме-то-дов дл€ опре-де-ле-ни€ оп-ти-маль-но-го ко
-ли-че-ства
 []

Package babel Info: Redefining russian shorthand "|
(babel)             in language  on input line 213.
Package babel Info: Redefining russian shorthand "~
(babel)             in language  on input line 213.

Underfull \hbox (badness 2837) in paragraph at lines 215--219
\T2A/ftm/m/n/14.4 дан-ных, вы-ра-же-ни€ и ин-тер-пре-та-ции ре-зуль-та-тов. »н-
тел-лек-ту-аль-ный
 []


Underfull \vbox (badness 10000) has occurred while \output is active []

Package babel Info: Redefining russian shorthand "|
(babel)             in language  on input line 219.
Package babel Info: Redefining russian shorthand "~
(babel)             in language  on input line 219.
Package babel Info: Redefining russian shorthand "|
(babel)             in language  on input line 219.
Package babel Info: Redefining russian shorthand "~
(babel)             in language  on input line 219.
 [17]
<images/datamining1.png, id=204, 934.49126pt x 487.8225pt>
File: images/datamining1.png Graphic file (type png)

<use images/datamining1.png>
Package pdftex.def Info: images/datamining1.png used on input line 222.
(pdftex.def)             Requested size: 467.24449pt x 243.91064pt.

Overfull \hbox (12.00041pt too wide) in paragraph at lines 222--223
 [] 
 []

<images/datamining2.png, id=207, 498.86375pt x 214.8025pt>
File: images/datamining2.png Graphic file (type png)

<use images/datamining2.png>
Package pdftex.def Info: images/datamining2.png used on input line 232.
(pdftex.def)             Requested size: 349.20224pt x 150.36072pt.
Package babel Info: Redefining russian shorthand "|
(babel)             in language  on input line 245.
Package babel Info: Redefining russian shorthand "~
(babel)             in language  on input line 245.
Package babel Info: Redefining russian shorthand "|
(babel)             in language  on input line 245.
Package babel Info: Redefining russian shorthand "~
(babel)             in language  on input line 245.
 [18 <./images/datamining1.png> <./images/datamining2.png>]
Underfull \hbox (badness 2368) in paragraph at lines 248--250
\T2A/ftm/m/n/14.4 по-сле пред-ва-ри-тель-ной об-ра-бот-ки в фор-му, ко-то-ра€ м
о-жет
 []


Underfull \hbox (badness 3601) in paragraph at lines 257--259
[]\T2A/ftm/m/n/14.4 найти оп-ти-маль-ную по-сле-до-ва-тель-ность из-вле-че-ни€ 
пра-вил, что
 []


Underfull \hbox (badness 2653) in paragraph at lines 264--265
\T2A/ftm/m/n/14.4 ме-то-дов, вхо-д€-щих в со-став па-ке-тов опи-ра-ют-с€ на ста
-ти-сти-че-скую
 []


Underfull \vbox (badness 10000) has occurred while \output is active []

Package babel Info: Redefining russian shorthand "|
(babel)             in language  on input line 266.
Package babel Info: Redefining russian shorthand "~
(babel)             in language  on input line 266.
Package babel Info: Redefining russian shorthand "|
(babel)             in language  on input line 266.
Package babel Info: Redefining russian shorthand "~
(babel)             in language  on input line 266.
 [19]
Underfull \hbox (badness 2980) in paragraph at lines 272--279
\T2A/ftm/m/n/14.4 не толь-ко уве-ли-чить ем-кость про-дук-ци-он-ных вы-ра-же-ни
й, но так-же
 []


Underfull \hbox (badness 1902) in paragraph at lines 289--293
[]\T2A/ftm/m/n/14.4 модель мо-жет ис-поль-зо-вать зна-ни€ дл€ улуч-ше-ни€ ка-че
-ства
 []


Underfull \hbox (badness 3668) in paragraph at lines 296--300
\T2A/ftm/m/n/14.4 при-об-ре-те-ни€ зна-ний из мас-си-вов дан-ных €в-л€-ют-с€ ст
а-ти-сти-че-ские
 []


Underfull \vbox (badness 1199) has occurred while \output is active []

Package babel Info: Redefining russian shorthand "|
(babel)             in language  on input line 300.
Package babel Info: Redefining russian shorthand "~
(babel)             in language  on input line 300.
Package babel Info: Redefining russian shorthand "|
(babel)             in language  on input line 300.
Package babel Info: Redefining russian shorthand "~
(babel)             in language  on input line 300.
 [20]
Underfull \hbox (badness 1400) in paragraph at lines 300--301
\T2A/ftm/m/n/14.4 поль-зо-ва-те-л€м но-вый взгл€д в сфе-ре ин-те-ре-сов и поз-в
о-л€т ему
 []


Underfull \hbox (badness 3386) in paragraph at lines 300--301
\T2A/ftm/m/n/14.4 несколь-ко иной путь. ќни про-ве-р€-ют или от-вер-га-ют ги-по
-те-зы
 []


Underfull \hbox (badness 1028) in paragraph at lines 301--305
\T2A/ftm/m/n/14.4 че-ских ме-то-дов не под-хо-дит. Ќа-при-мер, ко-гда име-ет-с€
 боль-шой
 []


Underfull \vbox (badness 1199) has occurred while \output is active []

Package babel Info: Redefining russian shorthand "|
(babel)             in language  on input line 324.
Package babel Info: Redefining russian shorthand "~
(babel)             in language  on input line 324.
Package babel Info: Redefining russian shorthand "|
(babel)             in language  on input line 324.
Package babel Info: Redefining russian shorthand "~
(babel)             in language  on input line 324.
 [21]
Underfull \hbox (badness 2932) in paragraph at lines 324--326
\T2A/ftm/m/n/14.4 по-лу-че-ни€ дан-ных €в-л€-ет-с€ за-трат-ным. —у-ще-ству-ют а
л-го-рит-мы дл€
 []


Underfull \hbox (badness 2970) in paragraph at lines 329--330
[]\T2A/ftm/m/n/14.4 ѕопул€рность под-хо-да св€-за-на как бы с на-гл€д-но-стью и
 по-
 []


Underfull \hbox (badness 4805) in paragraph at lines 331--337
[]\T2A/ftm/m/n/14.4 √енетический ал-го-ритм €в-л€-ет-с€ уни-вер-саль-ным ме-то-
дом дл€
 []


Underfull \hbox (badness 2080) in paragraph at lines 331--337
\T2A/ftm/m/n/14.4 функ-ци€ при-год-но-сти или, дру-ги-ми сло-ва-ми, объ-ек-тов 
с за-дан-ны-ми
 []


Underfull \vbox (badness 10000) has occurred while \output is active []

Package babel Info: Redefining russian shorthand "|
(babel)             in language  on input line 339.
Package babel Info: Redefining russian shorthand "~
(babel)             in language  on input line 339.
Package babel Info: Redefining russian shorthand "|
(babel)             in language  on input line 339.
Package babel Info: Redefining russian shorthand "~
(babel)             in language  on input line 339.
 [22]
Underfull \hbox (badness 1038) in paragraph at lines 342--344
\T2A/ftm/m/n/14.4 сле-ду-ю-щим об-ра-зом []2.3[]. ѕо-сле про-цес-са обу-че-ни€,
 по-доб-ные на-бо-ры
 []


Underfull \hbox (badness 1412) in paragraph at lines 342--344
\T2A/ftm/m/n/14.4 под-мно-же-ства по-доб-ных за-пи-сей. “а-ким об-ра-зом, SOM п
ред-став-л€-ет
 []

<images/kohonen.png, id=241, 2443.1275pt x 1506.62875pt>
File: images/kohonen.png Graphic file (type png)

<use images/kohonen.png>
Package pdftex.def Info: images/kohonen.png used on input line 347.
(pdftex.def)             Requested size: 398.33858pt x 245.64038pt.


LaTeX Warning: `!h' float specifier changed to `!ht'.


Underfull \hbox (badness 1122) in paragraph at lines 352--353
[]\T2A/ftm/m/n/14.4 ¬ ин-тел-лек-ту-аль-ном ана-ли-зе дан-ных са-мо-ор-га-ни-зу
-ю-щи-е-с€ кар-ты
 []


Underfull \hbox (badness 4181) in paragraph at lines 355--356
\T2A/ftm/m/n/14.4 дан-ны-ми. «а-пись в ба-зе дан-ных обыч-но со-сто-ит из боль-
шо-го
 []

Package babel Info: Redefining russian shorthand "|
(babel)             in language  on input line 360.
Package babel Info: Redefining russian shorthand "~
(babel)             in language  on input line 360.
Package babel Info: Redefining russian shorthand "|
(babel)             in language  on input line 360.
Package babel Info: Redefining russian shorthand "~
(babel)             in language  on input line 360.
[23]
Underfull \hbox (badness 4193) in paragraph at lines 361--362
[]\T2A/ftm/m/n/14.4 јнализ зна-ний - нетри-ви-аль-ный про-цесс. ¬ на-сто-€-щее 
вре-м€
 []


Underfull \hbox (badness 1742) in paragraph at lines 361--362
\T2A/ftm/m/n/14.4 дан-ных. ће-то-ды ана-ли-за дан-ных иг-ра-ют важ-ную роль в у
прав-ле-нии
 []

Package babel Info: Redefining russian shorthand "|
(babel)             in language  on input line 363.
Package babel Info: Redefining russian shorthand "~
(babel)             in language  on input line 363.

Underfull \vbox (badness 3758) has occurred while \output is active []

Package babel Info: Redefining russian shorthand "|
(babel)             in language  on input line 372.
Package babel Info: Redefining russian shorthand "~
(babel)             in language  on input line 372.
Package babel Info: Redefining russian shorthand "|
(babel)             in language  on input line 372.
Package babel Info: Redefining russian shorthand "~
(babel)             in language  on input line 372.
 [24 <./images/kohonen.png>]
Underfull \hbox (badness 2478) in paragraph at lines 376--393
[]\T2A/ftm/m/n/14.4 <<Ќечеткой тен-ден-ци-ей (Ќ“) нечет-ко-го вре-мен-но-го р€-
да бу-дем
 []


Underfull \hbox (badness 2990) in paragraph at lines 376--393
\T2A/ftm/m/n/14.4 на-зы-вать нечет-кую мет-ку, вы-ра-жа-ю-щую ха-рак-тер из-ме-
не-ни€ (си-сте-
 []


Underfull \hbox (badness 2744) in paragraph at lines 376--393
\T2A/ftm/m/n/14.4 ма-ти-че-ское дви-же-ние) по-сле-до-ва-тель-но-сти нечет-ких 
уров-ней Ќ¬– в
 []


Underfull \hbox (badness 1270) in paragraph at lines 376--393
\T2A/ftm/m/n/14.4 ' о-ле-ба-ни€', '’а-ос'. ƒл€ нечет-ких тер-мов, обо-зна-ча-ю-
щих тен-ден-цию,
 []


Underfull \hbox (badness 2310) in paragraph at lines 376--393
\T2A/ftm/m/n/14.4 воз-мож-но при-ме-не-ние мо-ди-фи-ка-то-ров 'очень', 'более-м
енее' и т. д.
 []


Underfull \hbox (badness 1137) in paragraph at lines 376--393
\T2A/ftm/m/n/14.4 воз-мож-но-стью их ран-жи-ро-ва-ни€, что поз-во-л€-ет пред-ст
а-вить их со-во-
 []


Underfull \hbox (badness 1163) in paragraph at lines 376--393
\T2A/ftm/m/n/14.4 от-но-ше-ни€, об-ра-зо-ван-ные на мно-же-стве нечет-ких экс-п
ерт-ных оце-нок,
 []


Underfull \hbox (badness 2689) in paragraph at lines 394--397
[]\T2A/ftm/m/n/14.4 <<¬ со-от-вет-ствии с ло-ги-кой оце-ни-ва-ни€ бу-дем счи-та
ть оцен-ку
 []


Underfull \hbox (badness 4954) in paragraph at lines 394--397
\T2A/ftm/m/n/14.4 нечет-ких уров-ней (нечет-кую тен-ден-цию) - срав-ни-тель-ной
 нечет-кой
 []


Underfull \vbox (badness 1199) has occurred while \output is active []

Package babel Info: Redefining russian shorthand "|
(babel)             in language  on input line 402.
Package babel Info: Redefining russian shorthand "~
(babel)             in language  on input line 402.
Package babel Info: Redefining russian shorthand "|
(babel)             in language  on input line 402.
Package babel Info: Redefining russian shorthand "~
(babel)             in language  on input line 402.
 [25]
Underfull \hbox (badness 1082) in paragraph at lines 404--405
\T2A/ftm/m/n/14.4 нечет-кие мно-же-ства, а не дей-стви-тель-ные чис-ла на-блю-д
е-ний. ¬ 1993
 []


Underfull \hbox (badness 1859) in paragraph at lines 404--405
\T2A/ftm/m/n/14.4 пер-во-го по-р€д-ка (fist-order) и при-ме-ни-ли раз-ра-бо-тан
-ные мо-де-ли дл€
 []


Underfull \hbox (badness 2875) in paragraph at lines 408--409
[]\T2A/ftm/m/n/14.4 Ќа прак-ти-ке в боль-шин-стве ¬– по-сле-до-ва-тель-ные на-б
лю-де-ни€
 []


Underfull \vbox (badness 10000) has occurred while \output is active []

Package babel Info: Redefining russian shorthand "|
(babel)             in language  on input line 433.
Package babel Info: Redefining russian shorthand "~
(babel)             in language  on input line 433.
Package babel Info: Redefining russian shorthand "|
(babel)             in language  on input line 433.
Package babel Info: Redefining russian shorthand "~
(babel)             in language  on input line 433.
 [26]
Underfull \vbox (badness 10000) has occurred while \output is active []

Package babel Info: Redefining russian shorthand "|
(babel)             in language  on input line 471.
Package babel Info: Redefining russian shorthand "~
(babel)             in language  on input line 471.
Package babel Info: Redefining russian shorthand "|
(babel)             in language  on input line 471.
Package babel Info: Redefining russian shorthand "~
(babel)             in language  on input line 471.
 [27]
Underfull \hbox (badness 2229) in paragraph at lines 471--472
[]\T2A/ftm/m/n/14.4 ѕроблема длин ин-тер-ва-лов: раз-лич-ные дли-ны ин-тер-ва-л
ов мо-гут
 []


Underfull \hbox (badness 1383) in paragraph at lines 471--472
\T2A/ftm/m/n/14.4 при-ве-сти к раз-лич-ным нечет-ким от-но-ше-ни-€м, и в свою о
че-редь
 []

)
Package babel Info: Redefining russian shorthand "|
(babel)             in language  on input line 163.
Package babel Info: Redefining russian shorthand "~
(babel)             in language  on input line 163.
Package babel Info: Redefining russian shorthand "|
(babel)             in language  on input line 163.
Package babel Info: Redefining russian shorthand "~
(babel)             in language  on input line 163.
 [28]
\openout2 = `chapter3.aux'.

 (./chapter3.tex
{\cyrillictext \CYRG \cyrl \cyra \cyrv \cyra } 3.
Package babel Info: Redefining russian shorthand "|
(babel)             in language  on input line 5.
Package babel Info: Redefining russian shorthand "~
(babel)             in language  on input line 5.
)
Package babel Info: Redefining russian shorthand "|
(babel)             in language  on input line 164.
Package babel Info: Redefining russian shorthand "~
(babel)             in language  on input line 164.
Package babel Info: Redefining russian shorthand "|
(babel)             in language  on input line 164.
Package babel Info: Redefining russian shorthand "~
(babel)             in language  on input line 164.
 [29



]
\openout2 = `chapter4.aux'.

 (./chapter4.tex
{\cyrillictext \CYRG \cyrl \cyra \cyrv \cyra } 4.
Package babel Info: Redefining russian shorthand "|
(babel)             in language  on input line 5.
Package babel Info: Redefining russian shorthand "~
(babel)             in language  on input line 5.
)
Package babel Info: Redefining russian shorthand "|
(babel)             in language  on input line 165.
Package babel Info: Redefining russian shorthand "~
(babel)             in language  on input line 165.
Package babel Info: Redefining russian shorthand "|
(babel)             in language  on input line 165.
Package babel Info: Redefining russian shorthand "~
(babel)             in language  on input line 165.
 [30



]
\openout2 = `chapter5.aux'.

 (./chapter5.tex
{\cyrillictext \CYRG \cyrl \cyra \cyrv \cyra } 5.
Package babel Info: Redefining russian shorthand "|
(babel)             in language  on input line 5.
Package babel Info: Redefining russian shorthand "~
(babel)             in language  on input line 5.
)
Package babel Info: Redefining russian shorthand "|
(babel)             in language  on input line 166.
Package babel Info: Redefining russian shorthand "~
(babel)             in language  on input line 166.
Package babel Info: Redefining russian shorthand "|
(babel)             in language  on input line 166.
Package babel Info: Redefining russian shorthand "~
(babel)             in language  on input line 166.
 [31



]
\openout2 = `chapter6.aux'.

 (./chapter6.tex
{\cyrillictext \CYRG \cyrl \cyra \cyrv \cyra } 6.
Package babel Info: Redefining russian shorthand "|
(babel)             in language  on input line 5.
Package babel Info: Redefining russian shorthand "~
(babel)             in language  on input line 5.
Package babel Info: Redefining russian shorthand "|
(babel)             in language  on input line 8.
Package babel Info: Redefining russian shorthand "~
(babel)             in language  on input line 8.

Underfull \hbox (badness 2134) in paragraph at lines 11--12
\T2A/ftm/m/n/14.4 что он бу-дет web при-ло-же-ни-ем. —о-зда-ние та-ко-го ти-па 
при-ло-же-ни€
 []

<images/service/1.png, id=300, 554.82281pt x 381.67593pt>
File: images/service/1.png Graphic file (type png)

<use images/service/1.png>
Package pdftex.def Info: images/service/1.png used on input line 15.
(pdftex.def)             Requested size: 443.85886pt x 305.34116pt.

Underfull \hbox (badness 1515) in paragraph at lines 20--21
\T2A/ftm/m/n/14.4 со-здан-ный по дан-ной ин-струк-ции бу-дет ис-поль-зо-вать an
t в ка-че-стве
 []

<images/service/2.png, id=301, 564.60938pt x 381.67593pt>
File: images/service/2.png Graphic file (type png)

<use images/service/2.png>
Package pdftex.def Info: images/service/2.png used on input line 24.
(pdftex.def)             Requested size: 451.68811pt x 305.34116pt.


LaTeX Warning: `!h' float specifier changed to `!ht'.

)
Package babel Info: Redefining russian shorthand "|
(babel)             in language  on input line 167.
Package babel Info: Redefining russian shorthand "~
(babel)             in language  on input line 167.
Package babel Info: Redefining russian shorthand "|
(babel)             in language  on input line 167.
Package babel Info: Redefining russian shorthand "~
(babel)             in language  on input line 167.
 [32



 <./images/service/1.png (PNG copy)>]
Package babel Info: Redefining russian shorthand "|
(babel)             in language  on input line 167.
Package babel Info: Redefining russian shorthand "~
(babel)             in language  on input line 167.
Package babel Info: Redefining russian shorthand "|
(babel)             in language  on input line 167.
Package babel Info: Redefining russian shorthand "~
(babel)             in language  on input line 167.
 [33 <./images/service/2.png (PNG copy)>]
\openout2 = `outro.aux'.

 (./outro.tex
Package babel Info: Redefining russian shorthand "|
(babel)             in language  on input line 5.
Package babel Info: Redefining russian shorthand "~
(babel)             in language  on input line 5.

Underfull \hbox (badness 3557) in paragraph at lines 9--10
\T2A/ftm/m/n/14.4 об ап-па-рат-ном обес-пе-че-нии и ар-хи-тек-ту-ре вы-чис-ли-т
ель-ных си-стем,
 []


Underfull \hbox (badness 3138) in paragraph at lines 9--10
\T2A/ftm/m/n/14.4 си-стем. ѕред-став-ле-ны ос-нов-ные эта-пы раз-ви-ти€, се-мей
-ства и ти-пы
 []


Underfull \hbox (badness 2302) in paragraph at lines 11--13
\T2A/ftm/m/n/14.4 на €зы-ках про-грам-ми-ро-ва-ни€ вы-со-ко-го уров-н€, вы-пол-
н€-ют-с€ вы-чис-
 []


Underfull \hbox (badness 4266) in paragraph at lines 11--13
\T2A/ftm/m/n/14.4 ли-тель-ны-ми си-сте-ма-ми. –ас-смот-ре-ны ос-нов-ные уров-ни
 ар-хи-тек-ту-ры
 []


Underfull \hbox (badness 2781) in paragraph at lines 19--20
\T2A/ftm/m/n/14.4 ќписаны функ-ци-о-наль-ные осо-бен-но-сти и ме-ха-низ-мы вза-
и-мо-дей-стви€
 []

)
Underfull \hbox (badness 2503) in paragraph at lines 21--168
[]\T2A/ftm/m/n/14.4 Ѕолее по-дроб-ную ин-фор-ма-цию по во-про-сам, рас-смот-рен
-ным в
 []

Package babel Info: Redefining russian shorthand "|
(babel)             in language  on input line 168.
Package babel Info: Redefining russian shorthand "~
(babel)             in language  on input line 168.
Package babel Info: Redefining russian shorthand "|
(babel)             in language  on input line 168.
Package babel Info: Redefining russian shorthand "~
(babel)             in language  on input line 168.
[34



]
\openout2 = `referenc.aux'.

 (./referenc.tex
Package babel Info: Redefining russian shorthand "|
(babel)             in language  on input line 9.
Package babel Info: Redefining russian shorthand "~
(babel)             in language  on input line 9.

Underfull \hbox (badness 10000) in paragraph at lines 29--30
[]\T2A/ftm/m/n/14.4 FASM (flatassembler) -- офи-ци-аль-ный сайт про-ек-та. -- U
RL:
 []

)
Package babel Info: Redefining russian shorthand "|
(babel)             in language  on input line 169.
Package babel Info: Redefining russian shorthand "~
(babel)             in language  on input line 169.
Package babel Info: Redefining russian shorthand "|
(babel)             in language  on input line 169.
Package babel Info: Redefining russian shorthand "~
(babel)             in language  on input line 169.
 [35



]
\openout2 = `outdata.aux'.

 (./outdata.tex
LaTeX Font Info:    Font shape `T2A/ftm/bx/n' in size <10.95> not available
(Font)              Font shape `T2A/ftm/b/n' tried instead on input line 8.
)
Package babel Info: Redefining russian shorthand "|
(babel)             in language  on input line 180.
Package babel Info: Redefining russian shorthand "~
(babel)             in language  on input line 180.
Package babel Info: Redefining russian shorthand "|
(babel)             in language  on input line 180.
Package babel Info: Redefining russian shorthand "~
(babel)             in language  on input line 180.
 [36



]
Package atveryend Info: Empty hook `BeforeClearDocument' on input line 181.
Package atveryend Info: Empty hook `AfterLastShipout' on input line 181.
 (./book.aux (./titlepage.aux) (./specpage.aux)
(./intro.aux) (./chapter1.aux) (./chapter2.aux) (./chapter3.aux)
(./chapter4.aux) (./chapter5.aux) (./chapter6.aux) (./outro.aux)
(./referenc.aux) (./outdata.aux))
Package atveryend Info: Executing hook `AtVeryEndDocument' on input line 181.
Package atveryend Info: Executing hook `AtEndAfterFileList' on input line 181.
Package rerunfilecheck Info: File `book.out' has not changed.
(rerunfilecheck)             Checksum: E73D0A2CC663632F5CA30D2D6569BA6B;6023.


LaTeX Font Warning: Some font shapes were not available, defaults substituted.


LaTeX Warning: There were undefined references.

Package atveryend Info: Empty hook `AtVeryVeryEnd' on input line 181.
 ) 
Here is how much of TeX's memory you used:
 15128 strings out of 494478
 210682 string characters out of 6172924
 304637 words of memory out of 5000000
 17867 multiletter control sequences out of 15000+600000
 50744 words of font info for 115 fonts, out of 8000000 for 9000
 452 hyphenation exceptions out of 8191
 42i,10n,38p,1222b,565s stack positions out of 5000i,500n,10000p,200000b,80000s
{/usr/share/texlive/texmf-dist/fonts/enc/dvips/base/8r.enc}{/usr/share/texmf/
fonts/enc/dvips/scalable-cyrfonts-tex/6r.enc}</usr/share/texlive/texmf-dist/fon
ts/type1/public/amsfonts/cm/cmex10.pfb></usr/share/texlive/texmf-dist/fonts/typ
e1/public/amsfonts/cm/cmmi10.pfb></usr/share/texlive/texmf-dist/fonts/type1/pub
lic/amsfonts/cm/cmr10.pfb></usr/share/texlive/texmf-dist/fonts/type1/public/ams
fonts/cm/cmsy10.pfb></usr/share/texmf/fonts/type1/public/scalable-cyrfonts-tex/
ftmb6w.pfb></usr/share/texmf/fonts/type1/public/scalable-cyrfonts-tex/ftmr6w.pf
b></usr/share/texmf/fonts/type1/public/scalable-cyrfonts-tex/ftmri6w.pfb></usr/
share/texlive/texmf-dist/fonts/type1/urw/symbol/usyr.pfb></usr/share/texlive/te
xmf-dist/fonts/type1/urw/symbol/usyr.pfb></usr/share/texlive/texmf-dist/fonts/t
ype1/urw/times/utmr8a.pfb></usr/share/texlive/texmf-dist/fonts/type1/urw/times/
utmri8a.pfb>
Output written on book.pdf (36 pages, 567922 bytes).
PDF statistics:
 399 PDF objects out of 1000 (max. 8388607)
 117 named destinations out of 1000 (max. 500000)
 162 words of extra memory for PDF output out of 10000 (max. 10000000)

